{"numTotalTestSuites":51,"numPassedTestSuites":51,"numFailedTestSuites":0,"numPendingTestSuites":0,"numTotalTests":114,"numPassedTests":103,"numFailedTests":0,"numPendingTests":11,"numTodoTests":0,"snapshot":{"added":0,"failure":false,"filesAdded":0,"filesRemoved":0,"filesRemovedList":[],"filesUnmatched":0,"filesUpdated":0,"matched":0,"total":0,"unchecked":0,"uncheckedKeysByFile":[],"unmatched":0,"updated":0,"didUpdate":false},"startTime":1754304208521,"success":true,"testResults":[{"assertionResults":[{"ancestorTitles":["API Routes smoke tests"],"fullName":"API Routes smoke tests GET /api/joke returns a Response","status":"passed","title":"GET /api/joke returns a Response","duration":49.18383300000005,"failureMessages":[],"meta":{}},{"ancestorTitles":["API Routes smoke tests"],"fullName":"API Routes smoke tests POST /api/webhooks/whoop returns a Response for invalid signature (smoke) [skipped in jsdom]","status":"skipped","title":"POST /api/webhooks/whoop returns a Response for invalid signature (smoke) [skipped in jsdom]","failureMessages":[],"meta":{}},{"ancestorTitles":["API Routes smoke tests"],"fullName":"API Routes smoke tests GET /api/sse/workout-updates returns Response with event-stream header","status":"passed","title":"GET /api/sse/workout-updates returns Response with event-stream header","duration":1023.003209,"failureMessages":[],"meta":{}}],"startTime":1754304209945,"endTime":1754304211017.0032,"status":"passed","message":"","name":"/Users/steven/greenfield/swole-tracker/src/__tests__/integration/api.routes.test.ts"},{"assertionResults":[{"ancestorTitles":["tRPC caller smoke test"],"fullName":"tRPC caller smoke test invokes mutation and returns input via server-side caller","status":"passed","title":"invokes mutation and returns input via server-side caller","duration":14.817542000000003,"failureMessages":[],"meta":{}}],"startTime":1754304214739,"endTime":1754304214753.8176,"status":"passed","message":"","name":"/Users/steven/greenfield/swole-tracker/src/__tests__/integration/trpc.caller-smoke.test.ts"},{"assertionResults":[{"ancestorTitles":["tRPC exercises router additional branches (integration, mocked ctx/db)"],"fullName":"tRPC exercises router additional branches (integration, mocked ctx/db) searchMaster paginates prefix then fills with contains, deduping ids","status":"passed","title":"searchMaster paginates prefix then fills with contains, deduping ids","duration":168.47766699999966,"failureMessages":[],"meta":{}},{"ancestorTitles":["tRPC exercises router additional branches (integration, mocked ctx/db)"],"fullName":"tRPC exercises router additional branches (integration, mocked ctx/db) createOrGetMaster returns consistent fallback shape when insert returns empty","status":"passed","title":"createOrGetMaster returns consistent fallback shape when insert returns empty","duration":192.87162500000022,"failureMessages":[],"meta":{}},{"ancestorTitles":["tRPC exercises router additional branches (integration, mocked ctx/db)"],"fullName":"tRPC exercises router additional branches (integration, mocked ctx/db) linkToMaster throws when template exercise not found","status":"passed","title":"linkToMaster throws when template exercise not found","duration":306.1991250000001,"failureMessages":[],"meta":{}},{"ancestorTitles":["tRPC exercises router additional branches (integration, mocked ctx/db)"],"fullName":"tRPC exercises router additional branches (integration, mocked ctx/db) linkToMaster throws when master exercise not found","status":"passed","title":"linkToMaster throws when master exercise not found","duration":408.1387500000001,"failureMessages":[],"meta":{}},{"ancestorTitles":["tRPC exercises router additional branches (integration, mocked ctx/db)"],"fullName":"tRPC exercises router additional branches (integration, mocked ctx/db) getLatestPerformance returns null when no linked template exercises","status":"passed","title":"getLatestPerformance returns null when no linked template exercises","duration":476.31929200000013,"failureMessages":[],"meta":{}},{"ancestorTitles":["tRPC exercises router additional branches (integration, mocked ctx/db)"],"fullName":"tRPC exercises router additional branches (integration, mocked ctx/db) getLinksForTemplate returns computed rows","status":"passed","title":"getLinksForTemplate returns computed rows","duration":501.3464160000003,"failureMessages":[],"meta":{}},{"ancestorTitles":["tRPC exercises router additional branches (integration, mocked ctx/db)"],"fullName":"tRPC exercises router additional branches (integration, mocked ctx/db) isLinkingRejected returns false when missing and true when flag present","status":"passed","title":"isLinkingRejected returns false when missing and true when flag present","duration":474.8439580000004,"failureMessages":[],"meta":{}},{"ancestorTitles":["tRPC exercises router additional branches (integration, mocked ctx/db)"],"fullName":"tRPC exercises router additional branches (integration, mocked ctx/db) rejectLinking flips flag after existence check","status":"passed","title":"rejectLinking flips flag after existence check","duration":153.92429099999936,"failureMessages":[],"meta":{}},{"ancestorTitles":["tRPC exercises router additional branches (integration, mocked ctx/db)"],"fullName":"tRPC exercises router additional branches (integration, mocked ctx/db) getLinkingDetails throws when master not found, otherwise returns linked and potentialLinks sorted","status":"passed","title":"getLinkingDetails throws when master not found, otherwise returns linked and potentialLinks sorted","duration":499.79879100000016,"failureMessages":[],"meta":{}},{"ancestorTitles":["tRPC exercises router additional branches (integration, mocked ctx/db)"],"fullName":"tRPC exercises router additional branches (integration, mocked ctx/db) bulkLinkSimilar returns count of links created based on similarity threshold","status":"passed","title":"bulkLinkSimilar returns count of links created based on similarity threshold","duration":305.7447089999996,"failureMessages":[],"meta":{}},{"ancestorTitles":["tRPC exercises router additional branches (integration, mocked ctx/db)"],"fullName":"tRPC exercises router additional branches (integration, mocked ctx/db) bulkUnlinkAll returns number unlinked from returned rows length","status":"passed","title":"bulkUnlinkAll returns number unlinked from returned rows length","duration":136.99066699999912,"failureMessages":[],"meta":{}},{"ancestorTitles":["tRPC exercises router additional branches (integration, mocked ctx/db)"],"fullName":"tRPC exercises router additional branches (integration, mocked ctx/db) migrateExistingExercises creates masters and links; returns counts","status":"passed","title":"migrateExistingExercises creates masters and links; returns counts","duration":201.49937500000033,"failureMessages":[],"meta":{}}],"startTime":1754304210777,"endTime":1754304214603.4993,"status":"passed","message":"","name":"/Users/steven/greenfield/swole-tracker/src/__tests__/integration/trpc.exercises.more.test.ts"},{"assertionResults":[{"ancestorTitles":["tRPC exercises router (integration, mocked ctx/db)"],"fullName":"tRPC exercises router (integration, mocked ctx/db) searchMaster returns empty items when query empty after normalize","status":"passed","title":"searchMaster returns empty items when query empty after normalize","duration":423.234958,"failureMessages":[],"meta":{}},{"ancestorTitles":["tRPC exercises router (integration, mocked ctx/db)"],"fullName":"tRPC exercises router (integration, mocked ctx/db) createOrGetMaster creates when not found","status":"passed","title":"createOrGetMaster creates when not found","duration":290.75904200000014,"failureMessages":[],"meta":{}},{"ancestorTitles":["tRPC exercises router (integration, mocked ctx/db)"],"fullName":"tRPC exercises router (integration, mocked ctx/db) linkToMaster verifies ownership and upserts link","status":"passed","title":"linkToMaster verifies ownership and upserts link","duration":212.975958,"failureMessages":[],"meta":{}},{"ancestorTitles":["tRPC exercises router (integration, mocked ctx/db)"],"fullName":"tRPC exercises router (integration, mocked ctx/db) unlink removes link by templateExerciseId","status":"passed","title":"unlink removes link by templateExerciseId","duration":276.50237500000003,"failureMessages":[],"meta":{}},{"ancestorTitles":["tRPC exercises router (integration, mocked ctx/db)"],"fullName":"tRPC exercises router (integration, mocked ctx/db) getAllMaster returns aggregated list","status":"passed","title":"getAllMaster returns aggregated list","duration":277.46783300000016,"failureMessages":[],"meta":{}},{"ancestorTitles":["tRPC exercises router (integration, mocked ctx/db)"],"fullName":"tRPC exercises router (integration, mocked ctx/db) searchMaster requires auth","status":"passed","title":"searchMaster requires auth","duration":360.2106249999997,"failureMessages":[],"meta":{}},{"ancestorTitles":["tRPC exercises router (integration, mocked ctx/db)"],"fullName":"tRPC exercises router (integration, mocked ctx/db) createOrGetMaster requires auth","status":"passed","title":"createOrGetMaster requires auth","duration":351.08100000000013,"failureMessages":[],"meta":{}},{"ancestorTitles":["tRPC exercises router (integration, mocked ctx/db)"],"fullName":"tRPC exercises router (integration, mocked ctx/db) linkToMaster requires auth","status":"passed","title":"linkToMaster requires auth","duration":266.7534999999998,"failureMessages":[],"meta":{}},{"ancestorTitles":["tRPC exercises router (integration, mocked ctx/db)"],"fullName":"tRPC exercises router (integration, mocked ctx/db) unlink requires auth","status":"passed","title":"unlink requires auth","duration":279.41712499999994,"failureMessages":[],"meta":{}},{"ancestorTitles":["tRPC exercises router (integration, mocked ctx/db)"],"fullName":"tRPC exercises router (integration, mocked ctx/db) getAllMaster requires auth","status":"passed","title":"getAllMaster requires auth","duration":313.2477920000001,"failureMessages":[],"meta":{}}],"startTime":1754304210780,"endTime":1754304213831.2478,"status":"passed","message":"","name":"/Users/steven/greenfield/swole-tracker/src/__tests__/integration/trpc.exercises.test.ts"},{"assertionResults":[{"ancestorTitles":["tRPC jokes router"],"fullName":"tRPC jokes router getCurrent returns fallback joke when AI gateway is not configured and stores record when insert chain is called","status":"passed","title":"getCurrent returns fallback joke when AI gateway is not configured and stores record when insert chain is called","duration":450.4790829999997,"failureMessages":[],"meta":{}},{"ancestorTitles":["tRPC jokes router"],"fullName":"tRPC jokes router generateNew follows same path as getCurrent","status":"passed","title":"generateNew follows same path as getCurrent","duration":235.9657500000003,"failureMessages":[],"meta":{}},{"ancestorTitles":["tRPC jokes router"],"fullName":"tRPC jokes router clearCache deletes by user id","status":"passed","title":"clearCache deletes by user id","duration":495.3974579999999,"failureMessages":[],"meta":{}},{"ancestorTitles":["tRPC jokes router"],"fullName":"tRPC jokes router auth required for getCurrent","status":"passed","title":"auth required for getCurrent","duration":441.20395800000006,"failureMessages":[],"meta":{}}],"startTime":1754304210782,"endTime":1754304212405.2039,"status":"passed","message":"","name":"/Users/steven/greenfield/swole-tracker/src/__tests__/integration/trpc.jokes.test.ts"},{"assertionResults":[{"ancestorTitles":["tRPC preferences router (integration, mocked ctx/db)"],"fullName":"tRPC preferences router (integration, mocked ctx/db) get returns default when none exists","status":"passed","title":"get returns default when none exists","duration":236.04379199999994,"failureMessages":[],"meta":{}},{"ancestorTitles":["tRPC preferences router (integration, mocked ctx/db)"],"fullName":"tRPC preferences router (integration, mocked ctx/db) get returns existing preferences when found","status":"passed","title":"get returns existing preferences when found","duration":152.5239999999999,"failureMessages":[],"meta":{}},{"ancestorTitles":["tRPC preferences router (integration, mocked ctx/db)"],"fullName":"tRPC preferences router (integration, mocked ctx/db) update inserts when none exists","status":"passed","title":"update inserts when none exists","duration":113.80595900000026,"failureMessages":[],"meta":{}},{"ancestorTitles":["tRPC preferences router (integration, mocked ctx/db)"],"fullName":"tRPC preferences router (integration, mocked ctx/db) update updates when existing preferences are present","status":"passed","title":"update updates when existing preferences are present","duration":196.89625000000024,"failureMessages":[],"meta":{}},{"ancestorTitles":["tRPC preferences router (integration, mocked ctx/db)"],"fullName":"tRPC preferences router (integration, mocked ctx/db) get requires auth","status":"passed","title":"get requires auth","duration":331.71233299999994,"failureMessages":[],"meta":{}}],"startTime":1754304210784,"endTime":1754304211814.7124,"status":"passed","message":"","name":"/Users/steven/greenfield/swole-tracker/src/__tests__/integration/trpc.preferences.test.ts"},{"assertionResults":[{"ancestorTitles":["tRPC templates router additional flows (integration, mocked ctx/db)"],"fullName":"tRPC templates router additional flows (integration, mocked ctx/db) getById returns template with exercises when owned; throws when not found or not owned","status":"passed","title":"getById returns template with exercises when owned; throws when not found or not owned","duration":1230.847417,"failureMessages":[],"meta":{}},{"ancestorTitles":["tRPC templates router additional flows (integration, mocked ctx/db)"],"fullName":"tRPC templates router additional flows (integration, mocked ctx/db) create inserts template and inserts exercises then links masters (happy path)","status":"passed","title":"create inserts template and inserts exercises then links masters (happy path)","duration":162.86349999999993,"failureMessages":[],"meta":{}},{"ancestorTitles":["tRPC templates router additional flows (integration, mocked ctx/db)"],"fullName":"tRPC templates router additional flows (integration, mocked ctx/db) create throws when insert returns no template row","status":"passed","title":"create throws when insert returns no template row","duration":406.27250000000004,"failureMessages":[],"meta":{}},{"ancestorTitles":["tRPC templates router additional flows (integration, mocked ctx/db)"],"fullName":"tRPC templates router additional flows (integration, mocked ctx/db) update renames template, replaces exercises, and links masters; also guards ownership","status":"passed","title":"update renames template, replaces exercises, and links masters; also guards ownership","duration":705.1920829999999,"failureMessages":[],"meta":{}},{"ancestorTitles":["tRPC templates router additional flows (integration, mocked ctx/db)"],"fullName":"tRPC templates router additional flows (integration, mocked ctx/db) delete removes template when owned; throws when not owned/not found","status":"passed","title":"delete removes template when owned; throws when not owned/not found","duration":697.1402910000006,"failureMessages":[],"meta":{}}],"startTime":1754304210779,"endTime":1754304213981.1404,"status":"passed","message":"","name":"/Users/steven/greenfield/swole-tracker/src/__tests__/integration/trpc.templates.more.test.ts"},{"assertionResults":[{"ancestorTitles":["tRPC templates router (integration, mocked ctx/db)"],"fullName":"tRPC templates router (integration, mocked ctx/db) getAll returns empty array for new user","status":"passed","title":"getAll returns empty array for new user","duration":353.8993750000001,"failureMessages":[],"meta":{}},{"ancestorTitles":["tRPC templates router (integration, mocked ctx/db)"],"fullName":"tRPC templates router (integration, mocked ctx/db) create inserts template and links master exercises","status":"skipped","title":"create inserts template and links master exercises","failureMessages":[],"meta":{}},{"ancestorTitles":["tRPC templates router (integration, mocked ctx/db)"],"fullName":"tRPC templates router (integration, mocked ctx/db) getAll requires auth","status":"passed","title":"getAll requires auth","duration":107.56608300000016,"failureMessages":[],"meta":{}}],"startTime":1754304212095,"endTime":1754304212557.5662,"status":"passed","message":"","name":"/Users/steven/greenfield/swole-tracker/src/__tests__/integration/trpc.templates.test.ts"},{"assertionResults":[{"ancestorTitles":["tRPC workouts router (integration, mocked ctx/db)"],"fullName":"tRPC workouts router (integration, mocked ctx/db) workouts.getRecent returns empty array for a new user","status":"passed","title":"workouts.getRecent returns empty array for a new user","duration":408.95104200000003,"failureMessages":[],"meta":{}},{"ancestorTitles":["tRPC workouts router (integration, mocked ctx/db)"],"fullName":"tRPC workouts router (integration, mocked ctx/db) workouts.start creates a session and returns template","status":"skipped","title":"workouts.start creates a session and returns template","failureMessages":[],"meta":{}},{"ancestorTitles":["tRPC workouts router (integration, mocked ctx/db)"],"fullName":"tRPC workouts router (integration, mocked ctx/db) workouts.getRecent requires auth for protected route","status":"passed","title":"workouts.getRecent requires auth for protected route","duration":383.2759159999998,"failureMessages":[],"meta":{}}],"startTime":1754304211771,"endTime":1754304212563.276,"status":"passed","message":"","name":"/Users/steven/greenfield/swole-tracker/src/__tests__/integration/trpc.workouts.test.ts"},{"assertionResults":[{"ancestorTitles":["analytics thin wrapper"],"fullName":"analytics thin wrapper tracks page view and featureUsed without throwing when enabled","status":"passed","title":"tracks page view and featureUsed without throwing when enabled","duration":1.465958999999998,"failureMessages":[],"meta":{}},{"ancestorTitles":["analytics thin wrapper"],"fullName":"analytics thin wrapper does not throw in non-browser environments for no-op helpers","status":"passed","title":"does not throw in non-browser environments for no-op helpers","duration":0.14237500000001546,"failureMessages":[],"meta":{}},{"ancestorTitles":["supabase wrappers"],"fullName":"supabase wrappers createClerkSupabaseClient returns a client even with null session","status":"passed","title":"createClerkSupabaseClient returns a client even with null session","duration":0.28645800000003874,"failureMessages":[],"meta":{}},{"ancestorTitles":["supabase wrappers"],"fullName":"supabase wrappers createServerSupabaseClientFactory returns a function that creates a client (server-only modules mocked)","status":"passed","title":"createServerSupabaseClientFactory returns a function that creates a client (server-only modules mocked)","duration":0.19450000000006185,"failureMessages":[],"meta":{}}],"startTime":1754304214984,"endTime":1754304214986.2864,"status":"passed","message":"","name":"/Users/steven/greenfield/swole-tracker/src/__tests__/unit/analytics-and-supabase-wrappers.test.ts"},{"assertionResults":[{"ancestorTitles":["lib smoke extended"],"fullName":"lib smoke extended rate-limit-middleware loads without throwing (module shape check)","status":"skipped","title":"rate-limit-middleware loads without throwing (module shape check)","failureMessages":[],"meta":{}},{"ancestorTitles":["lib smoke extended"],"fullName":"lib smoke extended offline-queue loads and exposes functions","status":"passed","title":"offline-queue loads and exposes functions","duration":7.048709000000031,"failureMessages":[],"meta":{}},{"ancestorTitles":["lib smoke extended"],"fullName":"lib smoke extended supabase index/server deeper imports succeed","status":"passed","title":"supabase index/server deeper imports succeed","duration":142.61629200000004,"failureMessages":[],"meta":{}},{"ancestorTitles":["lib smoke extended"],"fullName":"lib smoke extended analytics branches load with default env","status":"passed","title":"analytics branches load with default env","duration":40.587125000000015,"failureMessages":[],"meta":{}},{"ancestorTitles":["lib smoke extended"],"fullName":"lib smoke extended posthog loads with and without key","status":"passed","title":"posthog loads with and without key","duration":16.67779100000007,"failureMessages":[],"meta":{}},{"ancestorTitles":["lib smoke extended"],"fullName":"lib smoke extended sse-broadcast noop when no connections exist","status":"passed","title":"sse-broadcast noop when no connections exist","duration":2.421542000000045,"failureMessages":[],"meta":{}}],"startTime":1754304213098,"endTime":1754304213307.4216,"status":"passed","message":"","name":"/Users/steven/greenfield/swole-tracker/src/__tests__/unit/lib-smoke-more.test.ts"},{"assertionResults":[{"ancestorTitles":["logger"],"fullName":"logger emits warn/error via console with sanitized context in test env","status":"passed","title":"emits warn/error via console with sanitized context in test env","duration":1.4044589999999744,"failureMessages":[],"meta":{}},{"ancestorTitles":["logger"],"fullName":"logger error logs non-Error payloads too in test env","status":"passed","title":"error logs non-Error payloads too in test env","duration":0.19495800000004238,"failureMessages":[],"meta":{}},{"ancestorTitles":["logger"],"fullName":"logger webhook uses debug in development and info otherwise (uses current env)","status":"passed","title":"webhook uses debug in development and info otherwise (uses current env)","duration":0.2834169999999858,"failureMessages":[],"meta":{}},{"ancestorTitles":["logger"],"fullName":"logger logApiCall uses timing when duration provided, otherwise debug path","status":"passed","title":"logApiCall uses timing when duration provided, otherwise debug path","duration":0.1703340000000253,"failureMessages":[],"meta":{}},{"ancestorTitles":["logger"],"fullName":"logger logSecurityEvent always logs via warn","status":"passed","title":"logSecurityEvent always logs via warn","duration":0.3678750000000264,"failureMessages":[],"meta":{}}],"startTime":1754304214951,"endTime":1754304214953.368,"status":"passed","message":"","name":"/Users/steven/greenfield/swole-tracker/src/__tests__/unit/logger.test.ts"},{"assertionResults":[{"ancestorTitles":["module smoke: supabase adapters and analytics"],"fullName":"module smoke: supabase adapters and analytics supabase-browser initializes client without throwing","status":"passed","title":"supabase-browser initializes client without throwing","duration":97.60733400000004,"failureMessages":[],"meta":{}},{"ancestorTitles":["module smoke: supabase adapters and analytics"],"fullName":"module smoke: supabase adapters and analytics supabase-client re-exports or config loads","status":"passed","title":"supabase-client re-exports or config loads","duration":7.782166000000188,"failureMessages":[],"meta":{}},{"ancestorTitles":["module smoke: supabase adapters and analytics"],"fullName":"module smoke: supabase adapters and analytics supabase-server initializes server client without throwing","status":"passed","title":"supabase-server initializes server client without throwing","duration":541.567417,"failureMessages":[],"meta":{}},{"ancestorTitles":["module smoke: supabase adapters and analytics"],"fullName":"module smoke: supabase adapters and analytics supabase lib index loads","status":"passed","title":"supabase lib index loads","duration":15.114249999999856,"failureMessages":[],"meta":{}},{"ancestorTitles":["module smoke: supabase adapters and analytics"],"fullName":"module smoke: supabase adapters and analytics analytics module loads and exposes functions","status":"passed","title":"analytics module loads and exposes functions","duration":38.494166999999834,"failureMessages":[],"meta":{}},{"ancestorTitles":["module smoke: supabase adapters and analytics"],"fullName":"module smoke: supabase adapters and analytics posthog module loads and exposes functions","status":"passed","title":"posthog module loads and exposes functions","duration":16.71279199999981,"failureMessages":[],"meta":{}},{"ancestorTitles":["sse-broadcast extended coverage"],"fullName":"sse-broadcast extended coverage handles addConnection and removing closed connections on broadcast","status":"passed","title":"handles addConnection and removing closed connections on broadcast","duration":3.436333000000104,"failureMessages":[],"meta":{}},{"ancestorTitles":["hook smoke: use-workout-updates with mocked EventSource"],"fullName":"hook smoke: use-workout-updates with mocked EventSource subscribes and cleans up EventSource","status":"skipped","title":"subscribes and cleans up EventSource","failureMessages":[],"meta":{}},{"ancestorTitles":["hook smoke: useWorkoutSessionState initialize"],"fullName":"hook smoke: useWorkoutSessionState initialize initializes without throwing and exposes structure","status":"skipped","title":"initializes without throwing and exposes structure","failureMessages":[],"meta":{}}],"startTime":1754304209910,"endTime":1754304210631.4363,"status":"passed","message":"","name":"/Users/steven/greenfield/swole-tracker/src/__tests__/unit/modules-smoke.test.ts"},{"assertionResults":[{"ancestorTitles":["offline-queue"],"fullName":"offline-queue returns empty queue and length=0 when nothing stored","status":"passed","title":"returns empty queue and length=0 when nothing stored","duration":7.462666000000013,"failureMessages":[],"meta":{}},{"ancestorTitles":["offline-queue"],"fullName":"offline-queue enqueueWorkoutSave persists a new item and returns its id","status":"passed","title":"enqueueWorkoutSave persists a new item and returns its id","duration":3.096916999999962,"failureMessages":[],"meta":{}},{"ancestorTitles":["offline-queue"],"fullName":"offline-queue dequeue removes from front (FIFO) and returns the item","status":"passed","title":"dequeue removes from front (FIFO) and returns the item","duration":0.3917500000000018,"failureMessages":[],"meta":{}},{"ancestorTitles":["offline-queue"],"fullName":"offline-queue updateItem patches an existing item and bumps updatedAt, no-ops for unknown id","status":"passed","title":"updateItem patches an existing item and bumps updatedAt, no-ops for unknown id","duration":0.3804169999999658,"failureMessages":[],"meta":{}},{"ancestorTitles":["offline-queue"],"fullName":"offline-queue requeueFront puts an item back to the front for retry","status":"passed","title":"requeueFront puts an item back to the front for retry","duration":0.24529199999994944,"failureMessages":[],"meta":{}},{"ancestorTitles":["offline-queue"],"fullName":"offline-queue pruneExhausted removes items whose attempts >= MAX_ATTEMPTS","status":"passed","title":"pruneExhausted removes items whose attempts >= MAX_ATTEMPTS","duration":0.37712500000009186,"failureMessages":[],"meta":{}},{"ancestorTitles":["offline-queue"],"fullName":"offline-queue clearQueue empties persisted queue","status":"passed","title":"clearQueue empties persisted queue","duration":0.18945799999994506,"failureMessages":[],"meta":{}},{"ancestorTitles":["offline-queue"],"fullName":"offline-queue is resilient to malformed localStorage values","status":"passed","title":"is resilient to malformed localStorage values","duration":0.1904580000000351,"failureMessages":[],"meta":{}}],"startTime":1754304214078,"endTime":1754304214090.1904,"status":"passed","message":"","name":"/Users/steven/greenfield/swole-tracker/src/__tests__/unit/offline-queue.test.ts"},{"assertionResults":[{"ancestorTitles":["offline-storage: setupOfflinePersistence and helpers"],"fullName":"offline-storage: setupOfflinePersistence and helpers setupOfflinePersistence calls persistQueryClient with expected options in browser","status":"passed","title":"setupOfflinePersistence calls persistQueryClient with expected options in browser","duration":75.95474999999999,"failureMessages":[],"meta":{}},{"ancestorTitles":["offline-storage: setupOfflinePersistence and helpers"],"fullName":"offline-storage: setupOfflinePersistence and helpers clearOfflineCache removes key and getCacheSize reflects empty size","status":"passed","title":"clearOfflineCache removes key and getCacheSize reflects empty size","duration":3.8034999999999854,"failureMessages":[],"meta":{}}],"startTime":1754304213266,"endTime":1754304213345.8035,"status":"passed","message":"","name":"/Users/steven/greenfield/swole-tracker/src/__tests__/unit/offline-storage.more.test.ts"},{"assertionResults":[{"ancestorTitles":["rate-limit-middleware"],"fullName":"rate-limit-middleware calls next immediately when skipIfDisabled is true and feature is disabled","status":"passed","title":"calls next immediately when skipIfDisabled is true and feature is disabled","duration":2.9105420000000777,"failureMessages":[],"meta":{}},{"ancestorTitles":["rate-limit-middleware"],"fullName":"rate-limit-middleware enforces rate limit when enabled and under limit","status":"passed","title":"enforces rate limit when enabled and under limit","duration":0.9594589999999243,"failureMessages":[],"meta":{}},{"ancestorTitles":["rate-limit-middleware"],"fullName":"rate-limit-middleware blocks when over limit and returns structured error","status":"passed","title":"blocks when over limit and returns structured error","duration":2.273416999999995,"failureMessages":[],"meta":{}},{"ancestorTitles":["rate-limit-middleware"],"fullName":"rate-limit-middleware skips when user missing (middleware returns next)","status":"passed","title":"skips when user missing (middleware returns next)","duration":0.16866700000002766,"failureMessages":[],"meta":{}},{"ancestorTitles":["rate-limit-middleware"],"fullName":"rate-limit-middleware exports preconfigured middlewares","status":"passed","title":"exports preconfigured middlewares","duration":0.19395800000006602,"failureMessages":[],"meta":{}}],"startTime":1754304214092,"endTime":1754304214099.1938,"status":"passed","message":"","name":"/Users/steven/greenfield/swole-tracker/src/__tests__/unit/rate-limit-middleware.test.ts"},{"assertionResults":[{"ancestorTitles":["rate-limit (db behavior simulated)"],"fullName":"rate-limit (db behavior simulated) creates new rate limit record if none exists and allows request","status":"passed","title":"creates new rate limit record if none exists and allows request","duration":152.202875,"failureMessages":[],"meta":{}},{"ancestorTitles":["rate-limit (db behavior simulated)"],"fullName":"rate-limit (db behavior simulated) denies when limit already reached","status":"passed","title":"denies when limit already reached","duration":1.6882910000000493,"failureMessages":[],"meta":{}},{"ancestorTitles":["rate-limit (db behavior simulated)"],"fullName":"rate-limit (db behavior simulated) increments request count when under limit","status":"passed","title":"increments request count when under limit","duration":1.933540999999991,"failureMessages":[],"meta":{}},{"ancestorTitles":["rate-limit (db behavior simulated)"],"fullName":"rate-limit (db behavior simulated) cleanupExpiredRateLimits deletes based on windowStart","status":"passed","title":"cleanupExpiredRateLimits deletes based on windowStart","duration":1.74675000000002,"failureMessages":[],"meta":{}}],"startTime":1754304212432,"endTime":1754304212589.7468,"status":"passed","message":"","name":"/Users/steven/greenfield/swole-tracker/src/__tests__/unit/rate-limit.db-mock.test.ts"},{"assertionResults":[{"ancestorTitles":["rate-limit utilities (skipped in Phase 1)"],"fullName":"rate-limit utilities (skipped in Phase 1) should provide middleware factory or utilities","status":"skipped","title":"should provide middleware factory or utilities","failureMessages":[],"meta":{}},{"ancestorTitles":["rate-limit utilities (skipped in Phase 1)"],"fullName":"rate-limit utilities (skipped in Phase 1) middleware utilities are present without initializing DB connections","status":"skipped","title":"middleware utilities are present without initializing DB connections","failureMessages":[],"meta":{}}],"startTime":1754304208521,"endTime":1754304208521,"status":"passed","message":"","name":"/Users/steven/greenfield/swole-tracker/src/__tests__/unit/rate-limit.test.ts"},{"assertionResults":[{"ancestorTitles":["sse-broadcast"],"fullName":"sse-broadcast addConnection and broadcast write to all active writers","status":"passed","title":"addConnection and broadcast write to all active writers","duration":4.0467499999999745,"failureMessages":[],"meta":{}},{"ancestorTitles":["sse-broadcast"],"fullName":"sse-broadcast broadcast handles dead connections and removes them (close is called)","status":"passed","title":"broadcast handles dead connections and removes them (close is called)","duration":4.095458000000008,"failureMessages":[],"meta":{}},{"ancestorTitles":["sse-broadcast"],"fullName":"sse-broadcast broadcast no-ops when no connections exist","status":"passed","title":"broadcast no-ops when no connections exist","duration":2.1086660000000848,"failureMessages":[],"meta":{}}],"startTime":1754304214048,"endTime":1754304214059.1086,"status":"passed","message":"","name":"/Users/steven/greenfield/swole-tracker/src/__tests__/unit/sse-broadcast.test.ts"},{"assertionResults":[{"ancestorTitles":["whoop-webhook helpers"],"fullName":"whoop-webhook helpers extractWebhookHeaders returns signature/timestamp when valid and timely","status":"passed","title":"extractWebhookHeaders returns signature/timestamp when valid and timely","duration":24.320666999999958,"failureMessages":[],"meta":{}},{"ancestorTitles":["whoop-webhook helpers"],"fullName":"whoop-webhook helpers extractWebhookHeaders returns null when missing headers","status":"passed","title":"extractWebhookHeaders returns null when missing headers","duration":4.673250000000053,"failureMessages":[],"meta":{}},{"ancestorTitles":["whoop-webhook helpers"],"fullName":"whoop-webhook helpers extractWebhookHeaders returns null when timestamp is outside 5-minute window","status":"passed","title":"extractWebhookHeaders returns null when timestamp is outside 5-minute window","duration":9.450541000000044,"failureMessages":[],"meta":{}},{"ancestorTitles":["whoop-webhook helpers"],"fullName":"whoop-webhook helpers verifyWhoopWebhook returns false when secret not configured","status":"passed","title":"verifyWhoopWebhook returns false when secret not configured","duration":4.555083999999965,"failureMessages":[],"meta":{}},{"ancestorTitles":["whoop-webhook helpers"],"fullName":"whoop-webhook helpers verifyWhoopWebhook computes HMAC and compares signatures (happy path)","status":"passed","title":"verifyWhoopWebhook computes HMAC and compares signatures (happy path)","duration":8.447166999999922,"failureMessages":[],"meta":{}},{"ancestorTitles":["whoop-webhook helpers"],"fullName":"whoop-webhook helpers verifyWhoopWebhook returns false on invalid signature and logs error on thrown exceptions","status":"passed","title":"verifyWhoopWebhook returns false on invalid signature and logs error on thrown exceptions","duration":3.6840409999999792,"failureMessages":[],"meta":{}}],"startTime":1754304213265,"endTime":1754304213320.684,"status":"passed","message":"","name":"/Users/steven/greenfield/swole-tracker/src/__tests__/unit/whoop-webhook.test.ts"},{"assertionResults":[{"ancestorTitles":["workout-operations client and server wrappers"],"fullName":"workout-operations client and server wrappers WorkoutOperationsClient.getWorkoutTemplates queries by user and orders","status":"passed","title":"WorkoutOperationsClient.getWorkoutTemplates queries by user and orders","duration":16.724083000000064,"failureMessages":[],"meta":{}},{"ancestorTitles":["workout-operations client and server wrappers"],"fullName":"workout-operations client and server wrappers WorkoutOperationsClient.createWorkoutTemplate inserts and returns single","status":"passed","title":"WorkoutOperationsClient.createWorkoutTemplate inserts and returns single","duration":5.195084000000065,"failureMessages":[],"meta":{}},{"ancestorTitles":["workout-operations client and server wrappers"],"fullName":"workout-operations client and server wrappers WorkoutOperationsClient.getRecentWorkouts limits, orders, and returns fields","status":"passed","title":"WorkoutOperationsClient.getRecentWorkouts limits, orders, and returns fields","duration":4.176000000000045,"failureMessages":[],"meta":{}},{"ancestorTitles":["workout-operations client and server wrappers"],"fullName":"workout-operations client and server wrappers WorkoutOperationsClient.getWorkoutSession queries by id and user","status":"passed","title":"WorkoutOperationsClient.getWorkoutSession queries by id and user","duration":3.282124999999951,"failureMessages":[],"meta":{}},{"ancestorTitles":["workout-operations client and server wrappers"],"fullName":"workout-operations client and server wrappers WorkoutOperationsClient.createWorkoutSession inserts and returns single","status":"passed","title":"WorkoutOperationsClient.createWorkoutSession inserts and returns single","duration":3.734291999999982,"failureMessages":[],"meta":{}},{"ancestorTitles":["workout-operations client and server wrappers"],"fullName":"workout-operations client and server wrappers WorkoutOperationsClient.getSessionExercises filters and orders","status":"passed","title":"WorkoutOperationsClient.getSessionExercises filters and orders","duration":3.1069170000000668,"failureMessages":[],"meta":{}},{"ancestorTitles":["workout-operations client and server wrappers"],"fullName":"workout-operations client and server wrappers WorkoutOperationsClient.addSessionExercise inserts partial and returns single","status":"passed","title":"WorkoutOperationsClient.addSessionExercise inserts partial and returns single","duration":4.41437499999995,"failureMessages":[],"meta":{}},{"ancestorTitles":["workout-operations client and server wrappers"],"fullName":"workout-operations client and server wrappers WorkoutOperationsServer.getRecentWorkouts uses server client factory","status":"passed","title":"WorkoutOperationsServer.getRecentWorkouts uses server client factory","duration":4.128082999999947,"failureMessages":[],"meta":{}},{"ancestorTitles":["workout-operations client and server wrappers"],"fullName":"workout-operations client and server wrappers useWorkoutOperations returns a client instance; getServerWorkoutOperations returns server instance","status":"passed","title":"useWorkoutOperations returns a client instance; getServerWorkoutOperations returns server instance","duration":4.28712500000006,"failureMessages":[],"meta":{}}],"startTime":1754304213255,"endTime":1754304213304.287,"status":"passed","message":"","name":"/Users/steven/greenfield/swole-tracker/src/__tests__/unit/workout-operations.test.ts"},{"assertionResults":[{"ancestorTitles":["useLocalStorage"],"fullName":"useLocalStorage reads initial value from localStorage and updates both state and storage","status":"skipped","title":"reads initial value from localStorage and updates both state and storage","failureMessages":[],"meta":{}},{"ancestorTitles":["useLocalStorage"],"fullName":"useLocalStorage removes key when setting undefined/null via setter","status":"skipped","title":"removes key when setting undefined/null via setter","failureMessages":[],"meta":{}},{"ancestorTitles":["useCacheInvalidation"],"fullName":"useCacheInvalidation invalidates queries when invalidate is called","status":"skipped","title":"invalidates queries when invalidate is called","failureMessages":[],"meta":{}}],"startTime":1754304208521,"endTime":1754304208521,"status":"passed","message":"","name":"/Users/steven/greenfield/swole-tracker/src/__tests__/unit/hooks/use-local-and-cache-hooks.test.tsx"},{"assertionResults":[{"ancestorTitles":["useOnlineStatus"],"fullName":"useOnlineStatus initialises to navigator.onLine and updates on online/offline events","status":"passed","title":"initialises to navigator.onLine and updates on online/offline events","duration":15.90254200000004,"failureMessages":[],"meta":{}},{"ancestorTitles":["useOnlineStatus"],"fullName":"useOnlineStatus cleans up event listeners on unmount","status":"passed","title":"cleans up event listeners on unmount","duration":2.004458999999997,"failureMessages":[],"meta":{}}],"startTime":1754304214077,"endTime":1754304214095.0044,"status":"passed","message":"","name":"/Users/steven/greenfield/swole-tracker/src/__tests__/unit/hooks/use-online-status.test.tsx"}],"coverageMap":{"/Users/steven/greenfield/swole-tracker/src/lib/analytics.ts":{"path":"/Users/steven/greenfield/swole-tracker/src/lib/analytics.ts","all":false,"statementMap":{"2":{"start":{"line":3,"column":0},"end":{"line":3,"column":33}},"4":{"start":{"line":5,"column":0},"end":{"line":5,"column":26}},"6":{"start":{"line":7,"column":0},"end":{"line":7,"column":69}},"7":{"start":{"line":8,"column":0},"end":{"line":8,"column":34}},"8":{"start":{"line":9,"column":0},"end":{"line":9,"column":41}},"9":{"start":{"line":10,"column":0},"end":{"line":10,"column":11}},"10":{"start":{"line":11,"column":0},"end":{"line":11,"column":20}},"11":{"start":{"line":12,"column":0},"end":{"line":12,"column":7}},"12":{"start":{"line":13,"column":0},"end":{"line":13,"column":4}},"15":{"start":{"line":16,"column":0},"end":{"line":16,"column":65}},"16":{"start":{"line":17,"column":0},"end":{"line":17,"column":40}},"17":{"start":{"line":18,"column":0},"end":{"line":18,"column":17}},"18":{"start":{"line":19,"column":0},"end":{"line":19,"column":19}},"19":{"start":{"line":20,"column":0},"end":{"line":20,"column":42}},"20":{"start":{"line":21,"column":0},"end":{"line":21,"column":7}},"21":{"start":{"line":22,"column":0},"end":{"line":22,"column":4}},"23":{"start":{"line":24,"column":0},"end":{"line":24,"column":21}},"24":{"start":{"line":25,"column":0},"end":{"line":25,"column":22}},"25":{"start":{"line":26,"column":0},"end":{"line":26,"column":21}},"26":{"start":{"line":27,"column":0},"end":{"line":27,"column":26}},"27":{"start":{"line":28,"column":0},"end":{"line":28,"column":8}},"28":{"start":{"line":29,"column":0},"end":{"line":29,"column":42}},"29":{"start":{"line":30,"column":0},"end":{"line":30,"column":16}},"30":{"start":{"line":31,"column":0},"end":{"line":31,"column":15}},"31":{"start":{"line":32,"column":0},"end":{"line":32,"column":20}},"32":{"start":{"line":33,"column":0},"end":{"line":33,"column":42}},"33":{"start":{"line":34,"column":0},"end":{"line":34,"column":7}},"34":{"start":{"line":35,"column":0},"end":{"line":35,"column":4}},"36":{"start":{"line":37,"column":0},"end":{"line":37,"column":19}},"37":{"start":{"line":38,"column":0},"end":{"line":38,"column":23}},"38":{"start":{"line":39,"column":0},"end":{"line":39,"column":25}},"39":{"start":{"line":40,"column":0},"end":{"line":40,"column":17}},"40":{"start":{"line":41,"column":0},"end":{"line":41,"column":20}},"41":{"start":{"line":42,"column":0},"end":{"line":42,"column":8}},"42":{"start":{"line":43,"column":0},"end":{"line":43,"column":40}},"43":{"start":{"line":44,"column":0},"end":{"line":44,"column":17}},"44":{"start":{"line":45,"column":0},"end":{"line":45,"column":19}},"45":{"start":{"line":46,"column":0},"end":{"line":46,"column":11}},"46":{"start":{"line":47,"column":0},"end":{"line":47,"column":13}},"47":{"start":{"line":48,"column":0},"end":{"line":48,"column":42}},"48":{"start":{"line":49,"column":0},"end":{"line":49,"column":7}},"49":{"start":{"line":50,"column":0},"end":{"line":50,"column":4}},"52":{"start":{"line":53,"column":0},"end":{"line":53,"column":67}},"53":{"start":{"line":54,"column":0},"end":{"line":54,"column":41}},"54":{"start":{"line":55,"column":0},"end":{"line":55,"column":17}},"55":{"start":{"line":56,"column":0},"end":{"line":56,"column":20}},"56":{"start":{"line":57,"column":0},"end":{"line":57,"column":42}},"57":{"start":{"line":58,"column":0},"end":{"line":58,"column":7}},"58":{"start":{"line":59,"column":0},"end":{"line":59,"column":4}},"60":{"start":{"line":61,"column":0},"end":{"line":61,"column":44}},"61":{"start":{"line":62,"column":0},"end":{"line":62,"column":41}},"62":{"start":{"line":63,"column":0},"end":{"line":63,"column":17}},"63":{"start":{"line":64,"column":0},"end":{"line":64,"column":42}},"64":{"start":{"line":65,"column":0},"end":{"line":65,"column":7}},"65":{"start":{"line":66,"column":0},"end":{"line":66,"column":4}},"67":{"start":{"line":68,"column":0},"end":{"line":68,"column":66}},"68":{"start":{"line":69,"column":0},"end":{"line":69,"column":40}},"69":{"start":{"line":70,"column":0},"end":{"line":70,"column":17}},"70":{"start":{"line":71,"column":0},"end":{"line":71,"column":20}},"71":{"start":{"line":72,"column":0},"end":{"line":72,"column":42}},"72":{"start":{"line":73,"column":0},"end":{"line":73,"column":7}},"73":{"start":{"line":74,"column":0},"end":{"line":74,"column":4}},"76":{"start":{"line":77,"column":0},"end":{"line":77,"column":46}},"77":{"start":{"line":78,"column":0},"end":{"line":78,"column":44}},"78":{"start":{"line":79,"column":0},"end":{"line":79,"column":11}},"79":{"start":{"line":80,"column":0},"end":{"line":80,"column":42}},"80":{"start":{"line":81,"column":0},"end":{"line":81,"column":7}},"81":{"start":{"line":82,"column":0},"end":{"line":82,"column":4}},"84":{"start":{"line":85,"column":0},"end":{"line":85,"column":63}},"85":{"start":{"line":86,"column":0},"end":{"line":86,"column":30}},"86":{"start":{"line":87,"column":0},"end":{"line":87,"column":27}},"87":{"start":{"line":88,"column":0},"end":{"line":88,"column":25}},"88":{"start":{"line":89,"column":0},"end":{"line":89,"column":14}},"89":{"start":{"line":90,"column":0},"end":{"line":90,"column":42}},"90":{"start":{"line":91,"column":0},"end":{"line":91,"column":7}},"91":{"start":{"line":92,"column":0},"end":{"line":92,"column":4}},"94":{"start":{"line":95,"column":0},"end":{"line":95,"column":75}},"95":{"start":{"line":96,"column":0},"end":{"line":96,"column":37}},"96":{"start":{"line":97,"column":0},"end":{"line":97,"column":14}},"97":{"start":{"line":98,"column":0},"end":{"line":98,"column":20}},"98":{"start":{"line":99,"column":0},"end":{"line":99,"column":42}},"99":{"start":{"line":100,"column":0},"end":{"line":100,"column":7}},"100":{"start":{"line":101,"column":0},"end":{"line":101,"column":4}},"101":{"start":{"line":102,"column":0},"end":{"line":102,"column":2}}},"s":{"2":1,"4":1,"6":1,"7":2,"8":2,"9":2,"10":2,"11":2,"12":2,"15":1,"16":0,"17":0,"18":0,"19":0,"20":0,"21":0,"23":1,"24":0,"25":0,"26":0,"27":0,"28":0,"29":0,"30":0,"31":0,"32":0,"33":0,"34":0,"36":1,"37":0,"38":0,"39":0,"40":0,"41":0,"42":0,"43":0,"44":0,"45":0,"46":0,"47":0,"48":0,"49":0,"52":1,"53":0,"54":0,"55":0,"56":0,"57":0,"58":0,"60":1,"61":0,"62":0,"63":0,"64":0,"65":0,"67":1,"68":0,"69":0,"70":0,"71":0,"72":0,"73":0,"76":1,"77":0,"78":0,"79":0,"80":0,"81":0,"84":1,"85":0,"86":0,"87":0,"88":0,"89":0,"90":0,"91":0,"94":1,"95":1,"96":1,"97":1,"98":1,"99":1,"100":1,"101":1},"branchMap":{"0":{"type":"branch","line":7,"loc":{"start":{"line":7,"column":12},"end":{"line":13,"column":4}},"locations":[{"start":{"line":7,"column":12},"end":{"line":13,"column":4}}]},"1":{"type":"branch","line":95,"loc":{"start":{"line":95,"column":15},"end":{"line":101,"column":4}},"locations":[{"start":{"line":95,"column":15},"end":{"line":101,"column":4}}]}},"b":{"0":[2],"1":[1]},"fnMap":{"0":{"name":"pageView","decl":{"start":{"line":7,"column":12},"end":{"line":13,"column":4}},"loc":{"start":{"line":7,"column":12},"end":{"line":13,"column":4}},"line":7},"1":{"name":"workoutStarted","decl":{"start":{"line":16,"column":18},"end":{"line":22,"column":4}},"loc":{"start":{"line":16,"column":18},"end":{"line":22,"column":4}},"line":16},"2":{"name":"workoutCompleted","decl":{"start":{"line":24,"column":20},"end":{"line":35,"column":4}},"loc":{"start":{"line":24,"column":20},"end":{"line":35,"column":4}},"line":24},"3":{"name":"exerciseLogged","decl":{"start":{"line":37,"column":18},"end":{"line":50,"column":4}},"loc":{"start":{"line":37,"column":18},"end":{"line":50,"column":4}},"line":37},"4":{"name":"templateCreated","decl":{"start":{"line":53,"column":19},"end":{"line":59,"column":4}},"loc":{"start":{"line":53,"column":19},"end":{"line":59,"column":4}},"line":53},"5":{"name":"templateDeleted","decl":{"start":{"line":61,"column":19},"end":{"line":66,"column":4}},"loc":{"start":{"line":61,"column":19},"end":{"line":66,"column":4}},"line":61},"6":{"name":"templateEdited","decl":{"start":{"line":68,"column":18},"end":{"line":74,"column":4}},"loc":{"start":{"line":68,"column":18},"end":{"line":74,"column":4}},"line":68},"7":{"name":"weightUnitChanged","decl":{"start":{"line":77,"column":21},"end":{"line":82,"column":4}},"loc":{"start":{"line":77,"column":21},"end":{"line":82,"column":4}},"line":77},"8":{"name":"error","decl":{"start":{"line":85,"column":9},"end":{"line":92,"column":4}},"loc":{"start":{"line":85,"column":9},"end":{"line":92,"column":4}},"line":85},"9":{"name":"featureUsed","decl":{"start":{"line":95,"column":15},"end":{"line":101,"column":4}},"loc":{"start":{"line":95,"column":15},"end":{"line":101,"column":4}},"line":95}},"f":{"0":2,"1":0,"2":0,"3":0,"4":0,"5":0,"6":0,"7":0,"8":0,"9":1}},"/Users/steven/greenfield/swole-tracker/src/lib/logger.ts":{"path":"/Users/steven/greenfield/swole-tracker/src/lib/logger.ts","all":false,"statementMap":{"14":{"start":{"line":15,"column":0},"end":{"line":15,"column":14}},"15":{"start":{"line":16,"column":0},"end":{"line":16,"column":65}},"16":{"start":{"line":17,"column":0},"end":{"line":17,"column":51}},"18":{"start":{"line":19,"column":0},"end":{"line":19,"column":47}},"19":{"start":{"line":20,"column":0},"end":{"line":20,"column":34}},"22":{"start":{"line":23,"column":0},"end":{"line":23,"column":30}},"23":{"start":{"line":24,"column":0},"end":{"line":24,"column":51}},"24":{"start":{"line":25,"column":0},"end":{"line":25,"column":5}},"27":{"start":{"line":28,"column":0},"end":{"line":28,"column":16}},"28":{"start":{"line":29,"column":0},"end":{"line":29,"column":3}},"30":{"start":{"line":31,"column":0},"end":{"line":31,"column":60}},"31":{"start":{"line":32,"column":0},"end":{"line":32,"column":37}},"34":{"start":{"line":35,"column":0},"end":{"line":35,"column":33}},"35":{"start":{"line":36,"column":0},"end":{"line":36,"column":34}},"36":{"start":{"line":37,"column":0},"end":{"line":37,"column":30}},"37":{"start":{"line":38,"column":0},"end":{"line":38,"column":28}},"40":{"start":{"line":41,"column":0},"end":{"line":41,"column":30}},"41":{"start":{"line":42,"column":0},"end":{"line":42,"column":45}},"42":{"start":{"line":43,"column":0},"end":{"line":43,"column":81}},"43":{"start":{"line":44,"column":0},"end":{"line":44,"column":68}},"44":{"start":{"line":45,"column":0},"end":{"line":45,"column":9}},"45":{"start":{"line":46,"column":0},"end":{"line":46,"column":9}},"46":{"start":{"line":47,"column":0},"end":{"line":47,"column":5}},"48":{"start":{"line":49,"column":0},"end":{"line":49,"column":21}},"49":{"start":{"line":50,"column":0},"end":{"line":50,"column":3}},"51":{"start":{"line":52,"column":0},"end":{"line":52,"column":54}},"52":{"start":{"line":53,"column":0},"end":{"line":53,"column":41}},"54":{"start":{"line":55,"column":0},"end":{"line":55,"column":74}},"55":{"start":{"line":56,"column":0},"end":{"line":56,"column":56}},"56":{"start":{"line":57,"column":0},"end":{"line":57,"column":3}},"58":{"start":{"line":59,"column":0},"end":{"line":59,"column":53}},"59":{"start":{"line":60,"column":0},"end":{"line":60,"column":40}},"61":{"start":{"line":62,"column":0},"end":{"line":62,"column":74}},"62":{"start":{"line":63,"column":0},"end":{"line":63,"column":55}},"63":{"start":{"line":64,"column":0},"end":{"line":64,"column":3}},"65":{"start":{"line":66,"column":0},"end":{"line":66,"column":53}},"66":{"start":{"line":67,"column":0},"end":{"line":67,"column":40}},"68":{"start":{"line":69,"column":0},"end":{"line":69,"column":74}},"69":{"start":{"line":70,"column":0},"end":{"line":70,"column":56}},"70":{"start":{"line":71,"column":0},"end":{"line":71,"column":3}},"72":{"start":{"line":73,"column":0},"end":{"line":73,"column":79}},"73":{"start":{"line":74,"column":0},"end":{"line":74,"column":41}},"75":{"start":{"line":76,"column":0},"end":{"line":76,"column":74}},"77":{"start":{"line":78,"column":0},"end":{"line":78,"column":33}},"78":{"start":{"line":79,"column":0},"end":{"line":79,"column":43}},"79":{"start":{"line":80,"column":0},"end":{"line":80,"column":29}},"80":{"start":{"line":81,"column":0},"end":{"line":81,"column":60}},"81":{"start":{"line":82,"column":0},"end":{"line":82,"column":28}},"82":{"start":{"line":83,"column":0},"end":{"line":83,"column":9}},"83":{"start":{"line":84,"column":0},"end":{"line":84,"column":12}},"84":{"start":{"line":85,"column":0},"end":{"line":85,"column":74}},"85":{"start":{"line":86,"column":0},"end":{"line":86,"column":5}},"86":{"start":{"line":87,"column":0},"end":{"line":87,"column":3}},"89":{"start":{"line":90,"column":0},"end":{"line":90,"column":75}},"90":{"start":{"line":91,"column":0},"end":{"line":91,"column":30}},"92":{"start":{"line":93,"column":0},"end":{"line":93,"column":48}},"93":{"start":{"line":94,"column":0},"end":{"line":94,"column":12}},"94":{"start":{"line":95,"column":0},"end":{"line":95,"column":65}},"95":{"start":{"line":96,"column":0},"end":{"line":96,"column":5}},"96":{"start":{"line":97,"column":0},"end":{"line":97,"column":3}},"99":{"start":{"line":100,"column":0},"end":{"line":100,"column":74}},"100":{"start":{"line":101,"column":0},"end":{"line":101,"column":36}},"102":{"start":{"line":103,"column":0},"end":{"line":103,"column":58}},"103":{"start":{"line":104,"column":0},"end":{"line":104,"column":3}},"106":{"start":{"line":107,"column":0},"end":{"line":107,"column":57}},"107":{"start":{"line":108,"column":0},"end":{"line":108,"column":74}},"108":{"start":{"line":109,"column":0},"end":{"line":109,"column":60}},"109":{"start":{"line":110,"column":0},"end":{"line":110,"column":3}},"110":{"start":{"line":111,"column":0},"end":{"line":111,"column":1}},"113":{"start":{"line":114,"column":0},"end":{"line":114,"column":35}},"116":{"start":{"line":117,"column":0},"end":{"line":117,"column":84}},"117":{"start":{"line":118,"column":0},"end":{"line":118,"column":31}},"118":{"start":{"line":119,"column":0},"end":{"line":119,"column":60}},"119":{"start":{"line":120,"column":0},"end":{"line":120,"column":10}},"120":{"start":{"line":121,"column":0},"end":{"line":121,"column":64}},"121":{"start":{"line":122,"column":0},"end":{"line":122,"column":3}},"122":{"start":{"line":123,"column":0},"end":{"line":123,"column":2}},"124":{"start":{"line":125,"column":0},"end":{"line":125,"column":87}},"125":{"start":{"line":126,"column":0},"end":{"line":126,"column":89}},"126":{"start":{"line":127,"column":0},"end":{"line":127,"column":2}},"128":{"start":{"line":129,"column":0},"end":{"line":129,"column":104}},"129":{"start":{"line":130,"column":0},"end":{"line":130,"column":49}},"130":{"start":{"line":131,"column":0},"end":{"line":131,"column":2}}},"s":{"14":1,"15":1,"16":9,"18":1,"19":58,"22":0,"23":0,"24":0,"27":0,"28":58,"30":1,"31":2,"34":2,"35":2,"36":2,"37":2,"40":2,"41":2,"42":7,"43":0,"44":0,"45":2,"46":2,"48":2,"49":2,"51":1,"52":53,"54":53,"55":53,"56":53,"58":1,"59":2,"61":2,"62":2,"63":2,"65":1,"66":1,"68":1,"69":1,"70":1,"72":1,"73":2,"75":2,"77":2,"78":0,"79":0,"80":0,"81":0,"82":0,"83":0,"84":0,"85":0,"86":2,"89":1,"90":1,"92":1,"93":1,"94":0,"95":0,"96":1,"99":1,"100":48,"102":0,"103":48,"106":1,"107":2,"108":2,"109":2,"110":1,"113":1,"116":1,"117":49,"118":48,"119":48,"120":1,"121":1,"122":49,"124":1,"125":1,"126":1,"128":1,"129":2,"130":2},"branchMap":{"0":{"type":"branch","line":16,"loc":{"start":{"line":16,"column":10},"end":{"line":17,"column":51}},"locations":[{"start":{"line":16,"column":10},"end":{"line":17,"column":51}}]},"1":{"type":"branch","line":19,"loc":{"start":{"line":19,"column":10},"end":{"line":29,"column":3}},"locations":[{"start":{"line":19,"column":10},"end":{"line":29,"column":3}}]},"2":{"type":"branch","line":20,"loc":{"start":{"line":20,"column":28},"end":{"line":28,"column":16}},"locations":[{"start":{"line":20,"column":28},"end":{"line":28,"column":16}}]},"3":{"type":"branch","line":31,"loc":{"start":{"line":31,"column":10},"end":{"line":50,"column":3}},"locations":[{"start":{"line":31,"column":10},"end":{"line":50,"column":3}}]},"4":{"type":"branch","line":42,"loc":{"start":{"line":42,"column":37},"end":{"line":46,"column":7}},"locations":[{"start":{"line":42,"column":37},"end":{"line":46,"column":7}}]},"5":{"type":"branch","line":43,"loc":{"start":{"line":43,"column":38},"end":{"line":43,"column":80}},"locations":[{"start":{"line":43,"column":38},"end":{"line":43,"column":80}}]},"6":{"type":"branch","line":43,"loc":{"start":{"line":43,"column":80},"end":{"line":45,"column":9}},"locations":[{"start":{"line":43,"column":80},"end":{"line":45,"column":9}}]},"7":{"type":"branch","line":52,"loc":{"start":{"line":52,"column":2},"end":{"line":57,"column":3}},"locations":[{"start":{"line":52,"column":2},"end":{"line":57,"column":3}}]},"8":{"type":"branch","line":53,"loc":{"start":{"line":53,"column":34},"end":{"line":55,"column":71}},"locations":[{"start":{"line":53,"column":34},"end":{"line":55,"column":71}}]},"9":{"type":"branch","line":55,"loc":{"start":{"line":55,"column":67},"end":{"line":55,"column":74}},"locations":[{"start":{"line":55,"column":67},"end":{"line":55,"column":74}}]},"10":{"type":"branch","line":59,"loc":{"start":{"line":59,"column":2},"end":{"line":64,"column":3}},"locations":[{"start":{"line":59,"column":2},"end":{"line":64,"column":3}}]},"11":{"type":"branch","line":60,"loc":{"start":{"line":60,"column":33},"end":{"line":62,"column":71}},"locations":[{"start":{"line":60,"column":33},"end":{"line":62,"column":71}}]},"12":{"type":"branch","line":62,"loc":{"start":{"line":62,"column":67},"end":{"line":62,"column":74}},"locations":[{"start":{"line":62,"column":67},"end":{"line":62,"column":74}}]},"13":{"type":"branch","line":66,"loc":{"start":{"line":66,"column":2},"end":{"line":71,"column":3}},"locations":[{"start":{"line":66,"column":2},"end":{"line":71,"column":3}}]},"14":{"type":"branch","line":67,"loc":{"start":{"line":67,"column":33},"end":{"line":69,"column":71}},"locations":[{"start":{"line":67,"column":33},"end":{"line":69,"column":71}}]},"15":{"type":"branch","line":69,"loc":{"start":{"line":69,"column":67},"end":{"line":69,"column":74}},"locations":[{"start":{"line":69,"column":67},"end":{"line":69,"column":74}}]},"16":{"type":"branch","line":73,"loc":{"start":{"line":73,"column":2},"end":{"line":87,"column":3}},"locations":[{"start":{"line":73,"column":2},"end":{"line":87,"column":3}}]},"17":{"type":"branch","line":74,"loc":{"start":{"line":74,"column":34},"end":{"line":76,"column":71}},"locations":[{"start":{"line":74,"column":34},"end":{"line":76,"column":71}}]},"18":{"type":"branch","line":76,"loc":{"start":{"line":76,"column":67},"end":{"line":76,"column":74}},"locations":[{"start":{"line":76,"column":67},"end":{"line":76,"column":74}}]},"19":{"type":"branch","line":78,"loc":{"start":{"line":78,"column":32},"end":{"line":86,"column":5}},"locations":[{"start":{"line":78,"column":32},"end":{"line":86,"column":5}}]},"20":{"type":"branch","line":90,"loc":{"start":{"line":90,"column":2},"end":{"line":97,"column":3}},"locations":[{"start":{"line":90,"column":2},"end":{"line":97,"column":3}}]},"21":{"type":"branch","line":94,"loc":{"start":{"line":94,"column":4},"end":{"line":96,"column":5}},"locations":[{"start":{"line":94,"column":4},"end":{"line":96,"column":5}}]},"22":{"type":"branch","line":100,"loc":{"start":{"line":100,"column":2},"end":{"line":104,"column":3}},"locations":[{"start":{"line":100,"column":2},"end":{"line":104,"column":3}}]},"23":{"type":"branch","line":101,"loc":{"start":{"line":101,"column":29},"end":{"line":103,"column":58}},"locations":[{"start":{"line":101,"column":29},"end":{"line":103,"column":58}}]},"24":{"type":"branch","line":107,"loc":{"start":{"line":107,"column":2},"end":{"line":110,"column":3}},"locations":[{"start":{"line":107,"column":2},"end":{"line":110,"column":3}}]},"25":{"type":"branch","line":108,"loc":{"start":{"line":108,"column":67},"end":{"line":108,"column":74}},"locations":[{"start":{"line":108,"column":67},"end":{"line":108,"column":74}}]},"26":{"type":"branch","line":117,"loc":{"start":{"line":117,"column":26},"end":{"line":123,"column":2}},"locations":[{"start":{"line":117,"column":26},"end":{"line":123,"column":2}}]},"27":{"type":"branch","line":118,"loc":{"start":{"line":118,"column":30},"end":{"line":122,"column":3}},"locations":[{"start":{"line":118,"column":30},"end":{"line":122,"column":3}}]},"28":{"type":"branch","line":120,"loc":{"start":{"line":120,"column":2},"end":{"line":122,"column":3}},"locations":[{"start":{"line":120,"column":2},"end":{"line":122,"column":3}}]},"29":{"type":"branch","line":125,"loc":{"start":{"line":125,"column":26},"end":{"line":127,"column":2}},"locations":[{"start":{"line":125,"column":26},"end":{"line":127,"column":2}}]},"30":{"type":"branch","line":129,"loc":{"start":{"line":129,"column":32},"end":{"line":131,"column":2}},"locations":[{"start":{"line":129,"column":32},"end":{"line":131,"column":2}}]}},"b":{"0":[9],"1":[58],"2":[0],"3":[2],"4":[7],"5":[4],"6":[0],"7":[53],"8":[0],"9":[0],"10":[2],"11":[0],"12":[0],"13":[1],"14":[0],"15":[0],"16":[2],"17":[0],"18":[0],"19":[0],"20":[1],"21":[0],"22":[48],"23":[0],"24":[2],"25":[0],"26":[49],"27":[48],"28":[1],"29":[1],"30":[2]},"fnMap":{"0":{"name":"<instance_members_initializer>","decl":{"start":{"line":16,"column":10},"end":{"line":17,"column":51}},"loc":{"start":{"line":16,"column":10},"end":{"line":17,"column":51}},"line":16},"1":{"name":"shouldLog","decl":{"start":{"line":19,"column":10},"end":{"line":29,"column":3}},"loc":{"start":{"line":19,"column":10},"end":{"line":29,"column":3}},"line":19},"2":{"name":"sanitizeContext","decl":{"start":{"line":31,"column":10},"end":{"line":50,"column":3}},"loc":{"start":{"line":31,"column":10},"end":{"line":50,"column":3}},"line":31},"3":{"name":"debug","decl":{"start":{"line":52,"column":2},"end":{"line":57,"column":3}},"loc":{"start":{"line":52,"column":2},"end":{"line":57,"column":3}},"line":52},"4":{"name":"info","decl":{"start":{"line":59,"column":2},"end":{"line":64,"column":3}},"loc":{"start":{"line":59,"column":2},"end":{"line":64,"column":3}},"line":59},"5":{"name":"warn","decl":{"start":{"line":66,"column":2},"end":{"line":71,"column":3}},"loc":{"start":{"line":66,"column":2},"end":{"line":71,"column":3}},"line":66},"6":{"name":"error","decl":{"start":{"line":73,"column":2},"end":{"line":87,"column":3}},"loc":{"start":{"line":73,"column":2},"end":{"line":87,"column":3}},"line":73},"7":{"name":"webhook","decl":{"start":{"line":90,"column":2},"end":{"line":97,"column":3}},"loc":{"start":{"line":90,"column":2},"end":{"line":97,"column":3}},"line":90},"8":{"name":"timing","decl":{"start":{"line":100,"column":2},"end":{"line":104,"column":3}},"loc":{"start":{"line":100,"column":2},"end":{"line":104,"column":3}},"line":100},"9":{"name":"security","decl":{"start":{"line":107,"column":2},"end":{"line":110,"column":3}},"loc":{"start":{"line":107,"column":2},"end":{"line":110,"column":3}},"line":107},"10":{"name":"logApiCall","decl":{"start":{"line":117,"column":26},"end":{"line":123,"column":2}},"loc":{"start":{"line":117,"column":26},"end":{"line":123,"column":2}},"line":117},"11":{"name":"logWebhook","decl":{"start":{"line":125,"column":26},"end":{"line":127,"column":2}},"loc":{"start":{"line":125,"column":26},"end":{"line":127,"column":2}},"line":125},"12":{"name":"logSecurityEvent","decl":{"start":{"line":129,"column":32},"end":{"line":131,"column":2}},"loc":{"start":{"line":129,"column":32},"end":{"line":131,"column":2}},"line":129}},"f":{"0":9,"1":58,"2":2,"3":53,"4":2,"5":1,"6":2,"7":1,"8":48,"9":2,"10":49,"11":1,"12":2}},"/Users/steven/greenfield/swole-tracker/src/lib/offline-queue.ts":{"path":"/Users/steven/greenfield/swole-tracker/src/lib/offline-queue.ts","all":false,"statementMap":{"30":{"start":{"line":31,"column":0},"end":{"line":31,"column":39}},"31":{"start":{"line":32,"column":0},"end":{"line":32,"column":23}},"33":{"start":{"line":34,"column":0},"end":{"line":34,"column":16}},"34":{"start":{"line":35,"column":0},"end":{"line":35,"column":20}},"35":{"start":{"line":36,"column":0},"end":{"line":36,"column":1}},"37":{"start":{"line":38,"column":0},"end":{"line":38,"column":35}},"38":{"start":{"line":39,"column":0},"end":{"line":39,"column":47}},"39":{"start":{"line":40,"column":0},"end":{"line":40,"column":7}},"40":{"start":{"line":41,"column":0},"end":{"line":41,"column":57}},"41":{"start":{"line":42,"column":0},"end":{"line":42,"column":24}},"42":{"start":{"line":43,"column":0},"end":{"line":43,"column":35}},"43":{"start":{"line":44,"column":0},"end":{"line":44,"column":42}},"44":{"start":{"line":45,"column":0},"end":{"line":45,"column":33}},"45":{"start":{"line":46,"column":0},"end":{"line":46,"column":11}},"46":{"start":{"line":47,"column":0},"end":{"line":47,"column":14}},"47":{"start":{"line":48,"column":0},"end":{"line":48,"column":3}},"48":{"start":{"line":49,"column":0},"end":{"line":49,"column":1}},"50":{"start":{"line":51,"column":0},"end":{"line":51,"column":41}},"51":{"start":{"line":52,"column":0},"end":{"line":52,"column":44}},"52":{"start":{"line":53,"column":0},"end":{"line":53,"column":66}},"53":{"start":{"line":54,"column":0},"end":{"line":54,"column":1}},"55":{"start":{"line":56,"column":0},"end":{"line":56,"column":17}},"56":{"start":{"line":57,"column":0},"end":{"line":57,"column":74}},"57":{"start":{"line":58,"column":0},"end":{"line":58,"column":1}},"59":{"start":{"line":60,"column":0},"end":{"line":60,"column":41}},"60":{"start":{"line":61,"column":0},"end":{"line":61,"column":21}},"61":{"start":{"line":62,"column":0},"end":{"line":62,"column":1}},"63":{"start":{"line":64,"column":0},"end":{"line":64,"column":42}},"64":{"start":{"line":65,"column":0},"end":{"line":65,"column":28}},"65":{"start":{"line":66,"column":0},"end":{"line":66,"column":1}},"67":{"start":{"line":68,"column":0},"end":{"line":68,"column":65}},"68":{"start":{"line":69,"column":0},"end":{"line":69,"column":24}},"69":{"start":{"line":70,"column":0},"end":{"line":70,"column":27}},"70":{"start":{"line":71,"column":0},"end":{"line":71,"column":15}},"71":{"start":{"line":72,"column":0},"end":{"line":72,"column":25}},"72":{"start":{"line":73,"column":0},"end":{"line":73,"column":12}},"73":{"start":{"line":74,"column":0},"end":{"line":74,"column":16}},"74":{"start":{"line":75,"column":0},"end":{"line":75,"column":21}},"75":{"start":{"line":76,"column":0},"end":{"line":76,"column":21}},"76":{"start":{"line":77,"column":0},"end":{"line":77,"column":4}},"77":{"start":{"line":78,"column":0},"end":{"line":78,"column":15}},"78":{"start":{"line":79,"column":0},"end":{"line":79,"column":16}},"79":{"start":{"line":80,"column":0},"end":{"line":80,"column":17}},"80":{"start":{"line":81,"column":0},"end":{"line":81,"column":1}},"82":{"start":{"line":83,"column":0},"end":{"line":83,"column":50}},"83":{"start":{"line":84,"column":0},"end":{"line":84,"column":24}},"84":{"start":{"line":85,"column":0},"end":{"line":85,"column":25}},"85":{"start":{"line":86,"column":0},"end":{"line":86,"column":26}},"86":{"start":{"line":87,"column":0},"end":{"line":87,"column":14}},"87":{"start":{"line":88,"column":0},"end":{"line":88,"column":1}},"89":{"start":{"line":90,"column":0},"end":{"line":90,"column":67}},"90":{"start":{"line":91,"column":0},"end":{"line":91,"column":24}},"91":{"start":{"line":92,"column":0},"end":{"line":92,"column":46}},"92":{"start":{"line":93,"column":0},"end":{"line":93,"column":25}},"93":{"start":{"line":94,"column":0},"end":{"line":94,"column":54}},"94":{"start":{"line":95,"column":0},"end":{"line":95,"column":16}},"95":{"start":{"line":96,"column":0},"end":{"line":96,"column":1}},"97":{"start":{"line":98,"column":0},"end":{"line":98,"column":47}},"98":{"start":{"line":99,"column":0},"end":{"line":99,"column":24}},"99":{"start":{"line":100,"column":0},"end":{"line":100,"column":18}},"100":{"start":{"line":101,"column":0},"end":{"line":101,"column":16}},"101":{"start":{"line":102,"column":0},"end":{"line":102,"column":1}},"103":{"start":{"line":104,"column":0},"end":{"line":104,"column":34}},"104":{"start":{"line":105,"column":0},"end":{"line":105,"column":65}},"105":{"start":{"line":106,"column":0},"end":{"line":106,"column":16}},"106":{"start":{"line":107,"column":0},"end":{"line":107,"column":1}},"111":{"start":{"line":112,"column":0},"end":{"line":112,"column":30}},"112":{"start":{"line":113,"column":0},"end":{"line":113,"column":17}},"113":{"start":{"line":114,"column":0},"end":{"line":114,"column":1}}},"s":{"30":1,"31":1,"33":34,"34":34,"35":34,"37":37,"38":37,"39":37,"40":37,"41":37,"42":29,"43":37,"44":27,"45":37,"46":1,"47":1,"48":37,"50":20,"51":20,"52":20,"53":20,"55":10,"56":10,"57":10,"59":1,"60":12,"61":12,"63":1,"64":4,"65":4,"67":1,"68":10,"69":10,"70":10,"71":10,"72":10,"73":10,"74":10,"75":10,"76":10,"77":10,"78":10,"79":10,"80":10,"82":1,"83":4,"84":4,"85":4,"86":4,"87":4,"89":1,"90":5,"91":5,"92":5,"93":4,"94":4,"95":4,"97":1,"98":1,"99":1,"100":1,"101":1,"103":1,"104":1,"105":1,"106":1,"111":1,"112":1,"113":1},"branchMap":{"0":{"type":"branch","line":34,"loc":{"start":{"line":34,"column":0},"end":{"line":36,"column":1}},"locations":[{"start":{"line":34,"column":0},"end":{"line":36,"column":1}}]},"1":{"type":"branch","line":38,"loc":{"start":{"line":38,"column":0},"end":{"line":49,"column":1}},"locations":[{"start":{"line":38,"column":0},"end":{"line":49,"column":1}}]},"2":{"type":"branch","line":39,"loc":{"start":{"line":39,"column":37},"end":{"line":39,"column":47}},"locations":[{"start":{"line":39,"column":37},"end":{"line":39,"column":47}}]},"3":{"type":"branch","line":42,"loc":{"start":{"line":42,"column":14},"end":{"line":42,"column":24}},"locations":[{"start":{"line":42,"column":14},"end":{"line":42,"column":24}}]},"4":{"type":"branch","line":42,"loc":{"start":{"line":42,"column":22},"end":{"line":44,"column":39}},"locations":[{"start":{"line":42,"column":22},"end":{"line":44,"column":39}}]},"5":{"type":"branch","line":44,"loc":{"start":{"line":44,"column":32},"end":{"line":44,"column":42}},"locations":[{"start":{"line":44,"column":32},"end":{"line":44,"column":42}}]},"6":{"type":"branch","line":44,"loc":{"start":{"line":44,"column":40},"end":{"line":46,"column":10}},"locations":[{"start":{"line":44,"column":40},"end":{"line":46,"column":10}}]},"7":{"type":"branch","line":46,"loc":{"start":{"line":46,"column":2},"end":{"line":48,"column":3}},"locations":[{"start":{"line":46,"column":2},"end":{"line":48,"column":3}}]},"8":{"type":"branch","line":51,"loc":{"start":{"line":51,"column":0},"end":{"line":54,"column":1}},"locations":[{"start":{"line":51,"column":0},"end":{"line":54,"column":1}}]},"9":{"type":"branch","line":52,"loc":{"start":{"line":52,"column":37},"end":{"line":52,"column":44}},"locations":[{"start":{"line":52,"column":37},"end":{"line":52,"column":44}}]},"10":{"type":"branch","line":56,"loc":{"start":{"line":56,"column":0},"end":{"line":58,"column":1}},"locations":[{"start":{"line":56,"column":0},"end":{"line":58,"column":1}}]},"11":{"type":"branch","line":60,"loc":{"start":{"line":60,"column":7},"end":{"line":62,"column":1}},"locations":[{"start":{"line":60,"column":7},"end":{"line":62,"column":1}}]},"12":{"type":"branch","line":64,"loc":{"start":{"line":64,"column":7},"end":{"line":66,"column":1}},"locations":[{"start":{"line":64,"column":7},"end":{"line":66,"column":1}}]},"13":{"type":"branch","line":68,"loc":{"start":{"line":68,"column":7},"end":{"line":81,"column":1}},"locations":[{"start":{"line":68,"column":7},"end":{"line":81,"column":1}}]},"14":{"type":"branch","line":83,"loc":{"start":{"line":83,"column":7},"end":{"line":88,"column":1}},"locations":[{"start":{"line":83,"column":7},"end":{"line":88,"column":1}}]},"15":{"type":"branch","line":86,"loc":{"start":{"line":86,"column":12},"end":{"line":86,"column":26}},"locations":[{"start":{"line":86,"column":12},"end":{"line":86,"column":26}}]},"16":{"type":"branch","line":90,"loc":{"start":{"line":90,"column":7},"end":{"line":96,"column":1}},"locations":[{"start":{"line":90,"column":7},"end":{"line":96,"column":1}}]},"17":{"type":"branch","line":93,"loc":{"start":{"line":93,"column":18},"end":{"line":93,"column":25}},"locations":[{"start":{"line":93,"column":18},"end":{"line":93,"column":25}}]},"18":{"type":"branch","line":93,"loc":{"start":{"line":93,"column":18},"end":{"line":96,"column":1}},"locations":[{"start":{"line":93,"column":18},"end":{"line":96,"column":1}}]},"19":{"type":"branch","line":92,"loc":{"start":{"line":92,"column":26},"end":{"line":92,"column":44}},"locations":[{"start":{"line":92,"column":26},"end":{"line":92,"column":44}}]},"20":{"type":"branch","line":98,"loc":{"start":{"line":98,"column":7},"end":{"line":102,"column":1}},"locations":[{"start":{"line":98,"column":7},"end":{"line":102,"column":1}}]},"21":{"type":"branch","line":104,"loc":{"start":{"line":104,"column":7},"end":{"line":107,"column":1}},"locations":[{"start":{"line":104,"column":7},"end":{"line":107,"column":1}}]},"22":{"type":"branch","line":105,"loc":{"start":{"line":105,"column":31},"end":{"line":105,"column":63}},"locations":[{"start":{"line":105,"column":31},"end":{"line":105,"column":63}}]},"23":{"type":"branch","line":112,"loc":{"start":{"line":112,"column":7},"end":{"line":114,"column":1}},"locations":[{"start":{"line":112,"column":7},"end":{"line":114,"column":1}}]}},"b":{"0":[34],"1":[37],"2":[0],"3":[8],"4":[29],"5":[1],"6":[27],"7":[1],"8":[20],"9":[0],"10":[10],"11":[12],"12":[4],"13":[10],"14":[4],"15":[3],"16":[5],"17":[1],"18":[4],"19":[8],"20":[1],"21":[1],"22":[3],"23":[1]},"fnMap":{"0":{"name":"now","decl":{"start":{"line":34,"column":0},"end":{"line":36,"column":1}},"loc":{"start":{"line":34,"column":0},"end":{"line":36,"column":1}},"line":34},"1":{"name":"readQueue","decl":{"start":{"line":38,"column":0},"end":{"line":49,"column":1}},"loc":{"start":{"line":38,"column":0},"end":{"line":49,"column":1}},"line":38},"2":{"name":"writeQueue","decl":{"start":{"line":51,"column":0},"end":{"line":54,"column":1}},"loc":{"start":{"line":51,"column":0},"end":{"line":54,"column":1}},"line":51},"3":{"name":"uuid","decl":{"start":{"line":56,"column":0},"end":{"line":58,"column":1}},"loc":{"start":{"line":56,"column":0},"end":{"line":58,"column":1}},"line":56},"4":{"name":"getQueue","decl":{"start":{"line":60,"column":7},"end":{"line":62,"column":1}},"loc":{"start":{"line":60,"column":7},"end":{"line":62,"column":1}},"line":60},"5":{"name":"getQueueLength","decl":{"start":{"line":64,"column":7},"end":{"line":66,"column":1}},"loc":{"start":{"line":64,"column":7},"end":{"line":66,"column":1}},"line":64},"6":{"name":"enqueueWorkoutSave","decl":{"start":{"line":68,"column":7},"end":{"line":81,"column":1}},"loc":{"start":{"line":68,"column":7},"end":{"line":81,"column":1}},"line":68},"7":{"name":"dequeue","decl":{"start":{"line":83,"column":7},"end":{"line":88,"column":1}},"loc":{"start":{"line":83,"column":7},"end":{"line":88,"column":1}},"line":83},"8":{"name":"updateItem","decl":{"start":{"line":90,"column":7},"end":{"line":96,"column":1}},"loc":{"start":{"line":90,"column":7},"end":{"line":96,"column":1}},"line":90},"9":{"name":"requeueFront","decl":{"start":{"line":98,"column":7},"end":{"line":102,"column":1}},"loc":{"start":{"line":98,"column":7},"end":{"line":102,"column":1}},"line":98},"10":{"name":"pruneExhausted","decl":{"start":{"line":104,"column":7},"end":{"line":107,"column":1}},"loc":{"start":{"line":104,"column":7},"end":{"line":107,"column":1}},"line":104},"11":{"name":"clearQueue","decl":{"start":{"line":112,"column":7},"end":{"line":114,"column":1}},"loc":{"start":{"line":112,"column":7},"end":{"line":114,"column":1}},"line":112}},"f":{"0":34,"1":37,"2":20,"3":10,"4":12,"5":4,"6":10,"7":4,"8":5,"9":1,"10":1,"11":1}},"/Users/steven/greenfield/swole-tracker/src/lib/offline-storage.ts":{"path":"/Users/steven/greenfield/swole-tracker/src/lib/offline-storage.ts","all":false,"statementMap":{"4":{"start":{"line":5,"column":0},"end":{"line":5,"column":74}},"5":{"start":{"line":6,"column":0},"end":{"line":6,"column":84}},"6":{"start":{"line":7,"column":0},"end":{"line":7,"column":57}},"9":{"start":{"line":10,"column":0},"end":{"line":10,"column":58}},"10":{"start":{"line":11,"column":0},"end":{"line":11,"column":75}},"11":{"start":{"line":12,"column":0},"end":{"line":12,"column":29}},"12":{"start":{"line":13,"column":0},"end":{"line":13,"column":28}},"13":{"start":{"line":14,"column":0},"end":{"line":14,"column":26}},"14":{"start":{"line":15,"column":0},"end":{"line":15,"column":3}},"19":{"start":{"line":20,"column":0},"end":{"line":20,"column":67}},"20":{"start":{"line":21,"column":0},"end":{"line":21,"column":44}},"22":{"start":{"line":23,"column":0},"end":{"line":23,"column":27}},"23":{"start":{"line":24,"column":0},"end":{"line":24,"column":16}},"24":{"start":{"line":25,"column":0},"end":{"line":25,"column":37}},"25":{"start":{"line":26,"column":0},"end":{"line":26,"column":46}},"26":{"start":{"line":27,"column":0},"end":{"line":27,"column":63}},"27":{"start":{"line":28,"column":0},"end":{"line":28,"column":23}},"28":{"start":{"line":29,"column":0},"end":{"line":29,"column":23}},"30":{"start":{"line":31,"column":0},"end":{"line":31,"column":40}},"31":{"start":{"line":32,"column":0},"end":{"line":32,"column":48}},"32":{"start":{"line":33,"column":0},"end":{"line":33,"column":8}},"33":{"start":{"line":34,"column":0},"end":{"line":34,"column":6}},"34":{"start":{"line":35,"column":0},"end":{"line":35,"column":5}},"35":{"start":{"line":36,"column":0},"end":{"line":36,"column":1}},"40":{"start":{"line":41,"column":0},"end":{"line":41,"column":37}},"41":{"start":{"line":42,"column":0},"end":{"line":42,"column":44}},"42":{"start":{"line":43,"column":0},"end":{"line":43,"column":49}},"43":{"start":{"line":44,"column":0},"end":{"line":44,"column":1}},"48":{"start":{"line":49,"column":0},"end":{"line":49,"column":40}},"49":{"start":{"line":50,"column":0},"end":{"line":50,"column":51}},"51":{"start":{"line":52,"column":0},"end":{"line":52,"column":60}},"52":{"start":{"line":53,"column":0},"end":{"line":53,"column":28}},"54":{"start":{"line":55,"column":0},"end":{"line":55,"column":45}},"55":{"start":{"line":56,"column":0},"end":{"line":56,"column":52}},"56":{"start":{"line":57,"column":0},"end":{"line":57,"column":80}},"57":{"start":{"line":58,"column":0},"end":{"line":58,"column":58}},"58":{"start":{"line":59,"column":0},"end":{"line":59,"column":1}}},"s":{"4":1,"5":1,"6":1,"9":1,"10":1,"11":1,"12":1,"13":1,"14":1,"19":1,"20":1,"22":1,"23":1,"24":1,"25":1,"26":1,"27":1,"28":1,"30":1,"31":2,"32":2,"33":1,"34":1,"35":1,"40":1,"41":1,"42":1,"43":1,"48":1,"49":2,"51":2,"52":2,"54":1,"55":1,"56":0,"57":0,"58":0},"branchMap":{"0":{"type":"branch","line":11,"loc":{"start":{"line":11,"column":50},"end":{"line":11,"column":75}},"locations":[{"start":{"line":11,"column":50},"end":{"line":11,"column":75}}]},"1":{"type":"branch","line":20,"loc":{"start":{"line":20,"column":7},"end":{"line":36,"column":1}},"locations":[{"start":{"line":20,"column":7},"end":{"line":36,"column":1}}]},"2":{"type":"branch","line":21,"loc":{"start":{"line":21,"column":37},"end":{"line":21,"column":44}},"locations":[{"start":{"line":21,"column":37},"end":{"line":21,"column":44}}]},"3":{"type":"branch","line":31,"loc":{"start":{"line":31,"column":28},"end":{"line":33,"column":8}},"locations":[{"start":{"line":31,"column":28},"end":{"line":33,"column":8}}]},"4":{"type":"branch","line":41,"loc":{"start":{"line":41,"column":7},"end":{"line":44,"column":1}},"locations":[{"start":{"line":41,"column":7},"end":{"line":44,"column":1}}]},"5":{"type":"branch","line":42,"loc":{"start":{"line":42,"column":37},"end":{"line":42,"column":44}},"locations":[{"start":{"line"
[...]
"line":230,"column":12}},"230":{"start":{"line":231,"column":0},"end":{"line":231,"column":33}},"231":{"start":{"line":232,"column":0},"end":{"line":232,"column":89}},"232":{"start":{"line":233,"column":0},"end":{"line":233,"column":41}},"233":{"start":{"line":234,"column":0},"end":{"line":234,"column":53}},"234":{"start":{"line":235,"column":0},"end":{"line":235,"column":20}},"236":{"start":{"line":237,"column":0},"end":{"line":237,"column":41}},"237":{"start":{"line":238,"column":0},"end":{"line":238,"column":22}},"238":{"start":{"line":239,"column":0},"end":{"line":239,"column":9}},"241":{"start":{"line":242,"column":0},"end":{"line":242,"column":46}},"242":{"start":{"line":243,"column":0},"end":{"line":243,"column":19}},"243":{"start":{"line":244,"column":0},"end":{"line":244,"column":44}},"244":{"start":{"line":245,"column":0},"end":{"line":245,"column":40}},"245":{"start":{"line":246,"column":0},"end":{"line":246,"column":40}},"246":{"start":{"line":247,"column":0},"end":{"line":247,"column":40}},"247":{"start":{"line":248,"column":0},"end":{"line":248,"column":53}},"248":{"start":{"line":249,"column":0},"end":{"line":249,"column":12}},"249":{"start":{"line":250,"column":0},"end":{"line":250,"column":33}},"250":{"start":{"line":251,"column":0},"end":{"line":251,"column":89}},"251":{"start":{"line":252,"column":0},"end":{"line":252,"column":21}},"252":{"start":{"line":253,"column":0},"end":{"line":253,"column":54}},"253":{"start":{"line":254,"column":0},"end":{"line":254,"column":81}},"254":{"start":{"line":255,"column":0},"end":{"line":255,"column":71}},"255":{"start":{"line":256,"column":0},"end":{"line":256,"column":12}},"256":{"start":{"line":257,"column":0},"end":{"line":257,"column":82}},"257":{"start":{"line":258,"column":0},"end":{"line":258,"column":20}},"259":{"start":{"line":260,"column":0},"end":{"line":260,"column":44}},"260":{"start":{"line":261,"column":0},"end":{"line":261,"column":7}},"263":{"start":{"line":264,"column":0},"end":{"line":264,"column":65}},"266":{"start":{"line":267,"column":0},"end":{"line":267,"column":50}},"267":{"start":{"line":268,"column":0},"end":{"line":268,"column":45}},"268":{"start":{"line":269,"column":0},"end":{"line":269,"column":32}},"269":{"start":{"line":270,"column":0},"end":{"line":270,"column":93}},"270":{"start":{"line":271,"column":0},"end":{"line":271,"column":15}},"271":{"start":{"line":272,"column":0},"end":{"line":272,"column":14}},"272":{"start":{"line":273,"column":0},"end":{"line":273,"column":65}},"273":{"start":{"line":274,"column":0},"end":{"line":274,"column":54}},"274":{"start":{"line":275,"column":0},"end":{"line":275,"column":11}},"275":{"start":{"line":276,"column":0},"end":{"line":276,"column":10}},"277":{"start":{"line":278,"column":0},"end":{"line":278,"column":49}},"278":{"start":{"line":279,"column":0},"end":{"line":279,"column":20}},"279":{"start":{"line":280,"column":0},"end":{"line":280,"column":7}},"281":{"start":{"line":282,"column":0},"end":{"line":282,"column":75}},"284":{"start":{"line":285,"column":0},"end":{"line":285,"column":31}},"285":{"start":{"line":286,"column":0},"end":{"line":286,"column":50}},"286":{"start":{"line":287,"column":0},"end":{"line":287,"column":8}},"289":{"start":{"line":290,"column":0},"end":{"line":290,"column":43}},"290":{"start":{"line":291,"column":0},"end":{"line":291,"column":96}},"291":{"start":{"line":292,"column":0},"end":{"line":292,"column":14}},"293":{"start":{"line":294,"column":0},"end":{"line":294,"column":20}},"294":{"start":{"line":295,"column":0},"end":{"line":295,"column":7}},"296":{"start":{"line":297,"column":0},"end":{"line":297,"column":35}},"297":{"start":{"line":298,"column":0},"end":{"line":298,"column":85}},"298":{"start":{"line":299,"column":0},"end":{"line":299,"column":7}},"301":{"start":{"line":302,"column":0},"end":{"line":302,"column":40}},"302":{"start":{"line":303,"column":0},"end":{"line":303,"column":17}},"303":{"start":{"line":304,"column":0},"end":{"line":304,"column":48}},"304":{"start":{"line":305,"column":0},"end":{"line":305,"column":51}},"305":{"start":{"line":306,"column":0},"end":{"line":306,"column":10}},"306":{"start":{"line":307,"column":0},"end":{"line":307,"column":31}},"307":{"start":{"line":308,"column":0},"end":{"line":308,"column":87}},"308":{"start":{"line":309,"column":0},"end":{"line":309,"column":39}},"309":{"start":{"line":310,"column":0},"end":{"line":310,"column":51}},"310":{"start":{"line":311,"column":0},"end":{"line":311,"column":18}},"312":{"start":{"line":313,"column":0},"end":{"line":313,"column":39}},"313":{"start":{"line":314,"column":0},"end":{"line":314,"column":20}},"314":{"start":{"line":315,"column":0},"end":{"line":315,"column":7}},"317":{"start":{"line":318,"column":0},"end":{"line":318,"column":44}},"318":{"start":{"line":319,"column":0},"end":{"line":319,"column":17}},"319":{"start":{"line":320,"column":0},"end":{"line":320,"column":42}},"320":{"start":{"line":321,"column":0},"end":{"line":321,"column":38}},"321":{"start":{"line":322,"column":0},"end":{"line":322,"column":38}},"322":{"start":{"line":323,"column":0},"end":{"line":323,"column":38}},"323":{"start":{"line":324,"column":0},"end":{"line":324,"column":51}},"324":{"start":{"line":325,"column":0},"end":{"line":325,"column":10}},"325":{"start":{"line":326,"column":0},"end":{"line":326,"column":31}},"326":{"start":{"line":327,"column":0},"end":{"line":327,"column":87}},"327":{"start":{"line":328,"column":0},"end":{"line":328,"column":19}},"328":{"start":{"line":329,"column":0},"end":{"line":329,"column":52}},"329":{"start":{"line":330,"column":0},"end":{"line":330,"column":76}},"330":{"start":{"line":331,"column":0},"end":{"line":331,"column":69}},"331":{"start":{"line":332,"column":0},"end":{"line":332,"column":10}},"332":{"start":{"line":333,"column":0},"end":{"line":333,"column":80}},"333":{"start":{"line":334,"column":0},"end":{"line":334,"column":18}},"335":{"start":{"line":336,"column":0},"end":{"line":336,"column":42}},"336":{"start":{"line":337,"column":0},"end":{"line":337,"column":7}},"339":{"start":{"line":340,"column":0},"end":{"line":340,"column":27}},"340":{"start":{"line":341,"column":0},"end":{"line":341,"column":26}},"341":{"start":{"line":342,"column":0},"end":{"line":342,"column":11}},"342":{"start":{"line":343,"column":0},"end":{"line":343,"column":16}},"343":{"start":{"line":344,"column":0},"end":{"line":344,"column":31}},"344":{"start":{"line":345,"column":0},"end":{"line":345,"column":56}},"345":{"start":{"line":346,"column":0},"end":{"line":346,"column":8}},"346":{"start":{"line":347,"column":0},"end":{"line":347,"column":5}},"347":{"start":{"line":348,"column":0},"end":{"line":348,"column":41}},"348":{"start":{"line":349,"column":0},"end":{"line":349,"column":11}},"350":{"start":{"line":351,"column":0},"end":{"line":351,"column":40}},"352":{"start":{"line":353,"column":0},"end":{"line":353,"column":72}},"353":{"start":{"line":354,"column":0},"end":{"line":354,"column":59}},"354":{"start":{"line":355,"column":0},"end":{"line":355,"column":17}},"355":{"start":{"line":356,"column":0},"end":{"line":356,"column":24}},"356":{"start":{"line":357,"column":0},"end":{"line":357,"column":75}},"357":{"start":{"line":358,"column":0},"end":{"line":358,"column":14}},"358":{"start":{"line":359,"column":0},"end":{"line":359,"column":12}},"359":{"start":{"line":360,"column":0},"end":{"line":360,"column":11}},"361":{"start":{"line":362,"column":0},"end":{"line":362,"column":52}},"362":{"start":{"line":363,"column":0},"end":{"line":363,"column":60}},"363":{"start":{"line":364,"column":0},"end":{"line":364,"column":48}},"364":{"start":{"line":365,"column":0},"end":{"line":365,"column":9}},"367":{"start":{"line":368,"column":0},"end":{"line":368,"column":53}},"368":{"start":{"line":369,"column":0},"end":{"line":369,"column":38}},"369":{"start":{"line":370,"column":0},"end":{"line":370,"column":34}},"370":{"start":{"line":371,"column":0},"end":{"line":371,"column":19}},"371":{"start":{"line":372,"column":0},"end":{"line":372,"column":33}},"372":{"start":{"line":373,"column":0},"end":{"line":373,"column":41}},"373":{"start":{"line":374,"column":0},"end":{"line":374,"column":43}},"374":{"start":{"line":375,"column":0},"end":{"line":375,"column":12}},"375":{"start":{"line":376,"column":0},"end":{"line":376,"column":23}},"377":{"start":{"line":378,"column":0},"end":{"line":378,"column":53}},"378":{"start":{"line":379,"column":0},"end":{"line":379,"column":23}},"379":{"start":{"line":380,"column":0},"end":{"line":380,"column":62}},"380":{"start":{"line":381,"column":0},"end":{"line":381,"column":9}},"382":{"start":{"line":383,"column":0},"end":{"line":383,"column":24}},"383":{"start":{"line":384,"column":0},"end":{"line":384,"column":32}},"384":{"start":{"line":385,"column":0},"end":{"line":385,"column":19}},"385":{"start":{"line":386,"column":0},"end":{"line":386,"column":10}},"386":{"start":{"line":387,"column":0},"end":{"line":387,"column":45}},"387":{"start":{"line":388,"column":0},"end":{"line":388,"column":22}},"388":{"start":{"line":389,"column":0},"end":{"line":389,"column":26}},"389":{"start":{"line":390,"column":0},"end":{"line":390,"column":59}},"390":{"start":{"line":391,"column":0},"end":{"line":391,"column":64}},"391":{"start":{"line":392,"column":0},"end":{"line":392,"column":22}},"392":{"start":{"line":393,"column":0},"end":{"line":393,"column":26}},"393":{"start":{"line":394,"column":0},"end":{"line":394,"column":28}},"394":{"start":{"line":395,"column":0},"end":{"line":395,"column":28}},"395":{"start":{"line":396,"column":0},"end":{"line":396,"column":14}},"396":{"start":{"line":397,"column":0},"end":{"line":397,"column":10}},"397":{"start":{"line":398,"column":0},"end":{"line":398,"column":55}},"398":{"start":{"line":399,"column":0},"end":{"line":399,"column":29}},"399":{"start":{"line":400,"column":0},"end":{"line":400,"column":40}},"400":{"start":{"line":401,"column":0},"end":{"line":401,"column":18}},"401":{"start":{"line":402,"column":0},"end":{"line":402,"column":22}},"402":{"start":{"line":403,"column":0},"end":{"line":403,"column":11}},"403":{"start":{"line":404,"column":0},"end":{"line":404,"column":7}},"404":{"start":{"line":405,"column":0},"end":{"line":405,"column":7}},"407":{"start":{"line":408,"column":0},"end":{"line":408,"column":26}},"408":{"start":{"line":409,"column":0},"end":{"line":409,"column":26}},"409":{"start":{"line":410,"column":0},"end":{"line":410,"column":11}},"410":{"start":{"line":411,"column":0},"end":{"line":411,"column":16}},"411":{"start":{"line":412,"column":0},"end":{"line":412,"column":30}},"412":{"start":{"line":413,"column":0},"end":{"line":413,"column":48}},"413":{"start":{"line":414,"column":0},"end":{"line":414,"column":9}},"414":{"start":{"line":415,"column":0},"end":{"line":415,"column":5}},"415":{"start":{"line":416,"column":0},"end":{"line":416,"column":41}},"417":{"start":{"line":418,"column":0},"end":{"line":418,"column":68}},"418":{"start":{"line":419,"column":0},"end":{"line":419,"column":55}},"419":{"start":{"line":420,"column":0},"end":{"line":420,"column":9}},"421":{"start":{"line":422,"column":0},"end":{"line":422,"column":56}},"422":{"start":{"line":423,"column":0},"end":{"line":423,"column":53}},"423":{"start":{"line":424,"column":0},"end":{"line":424,"column":7}},"426":{"start":{"line":427,"column":0},"end":{"line":427,"column":18}},"427":{"start":{"line":428,"column":0},"end":{"line":428,"column":33}},"428":{"start":{"line":429,"column":0},"end":{"line":429,"column":64}},"431":{"start":{"line":432,"column":0},"end":{"line":432,"column":64}},"432":{"start":{"line":433,"column":0},"end":{"line":433,"column":21}},"433":{"start":{"line":434,"column":0},"end":{"line":434,"column":27}},"434":{"start":{"line":435,"column":0},"end":{"line":435,"column":40}},"435":{"start":{"line":436,"column":0},"end":{"line":436,"column":38}},"436":{"start":{"line":437,"column":0},"end":{"line":437,"column":34}},"437":{"start":{"line":438,"column":0},"end":{"line":438,"column":11}},"438":{"start":{"line":439,"column":0},"end":{"line":439,"column":36}},"439":{"start":{"line":440,"column":0},"end":{"line":440,"column":33}},"440":{"start":{"line":441,"column":0},"end":{"line":441,"column":39}},"441":{"start":{"line":442,"column":0},"end":{"line":442,"column":60}},"442":{"start":{"line":443,"column":0},"end":{"line":443,"column":48}},"443":{"start":{"line":444,"column":0},"end":{"line":444,"column":31}},"444":{"start":{"line":445,"column":0},"end":{"line":445,"column":43}},"445":{"start":{"line":446,"column":0},"end":{"line":446,"column":27}},"446":{"start":{"line":447,"column":0},"end":{"line":447,"column":27}},"447":{"start":{"line":448,"column":0},"end":{"line":448,"column":27}},"448":{"start":{"line":449,"column":0},"end":{"line":449,"column":13}},"449":{"start":{"line":450,"column":0},"end":{"line":450,"column":8}},"451":{"start":{"line":452,"column":0},"end":{"line":452,"column":36}},"452":{"start":{"line":453,"column":0},"end":{"line":453,"column":67}},"453":{"start":{"line":454,"column":0},"end":{"line":454,"column":7}},"455":{"start":{"line":456,"column":0},"end":{"line":456,"column":31}},"456":{"start":{"line":457,"column":0},"end":{"line":457,"column":7}},"459":{"start":{"line":460,"column":0},"end":{"line":460,"column":28}},"460":{"start":{"line":461,"column":0},"end":{"line":461,"column":26}},"461":{"start":{"line":462,"column":0},"end":{"line":462,"column":40}},"462":{"start":{"line":463,"column":0},"end":{"line":463,"column":41}},"464":{"start":{"line":465,"column":0},"end":{"line":465,"column":68}},"465":{"start":{"line":466,"column":0},"end":{"line":466,"column":48}},"466":{"start":{"line":467,"column":0},"end":{"line":467,"column":9}},"468":{"start":{"line":469,"column":0},"end":{"line":469,"column":56}},"469":{"start":{"line":470,"column":0},"end":{"line":470,"column":53}},"470":{"start":{"line":471,"column":0},"end":{"line":471,"column":7}},"472":{"start":{"line":473,"column":0},"end":{"line":473,"column":18}},"473":{"start":{"line":474,"column":0},"end":{"line":474,"column":32}},"474":{"start":{"line":475,"column":0},"end":{"line":475,"column":49}},"476":{"start":{"line":477,"column":0},"end":{"line":477,"column":31}},"477":{"start":{"line":478,"column":0},"end":{"line":478,"column":7}},"478":{"start":{"line":479,"column":0},"end":{"line":479,"column":3}}},"s":{"0":1,"1":1,"2":1,"3":1,"11":1,"13":1,"14":1,"15":1,"16":1,"17":1,"18":1,"19":1,"21":1,"22":1,"23":1,"24":1,"25":1,"26":1,"29":1,"30":1,"31":1,"32":1,"34":1,"36":1,"37":1,"38":1,"39":1,"40":1,"41":1,"42":1,"43":1,"44":1,"45":1,"46":1,"47":1,"48":1,"49":1,"50":1,"51":1,"52":1,"53":1,"56":1,"57":1,"58":1,"59":0,"60":0,"61":0,"62":0,"63":0,"64":0,"65":0,"66":0,"67":0,"68":0,"69":0,"71":0,"72":0,"73":0,"75":0,"76":1,"79":1,"80":1,"81":1,"82":1,"83":1,"84":1,"85":1,"86":1,"88":0,"90":0,"92":0,"93":0,"94":0,"95":0,"96":0,"97":0,"99":0,"101":0,"102":0,"103":0,"104":0,"105":0,"106":0,"109":0,"110":0,"111":0,"114":0,"115":0,"116":0,"119":0,"120":0,"121":0,"124":0,"125":0,"126":0,"128":0,"129":0,"130":0,"131":0,"132":0,"133":0,"134":0,"135":0,"136":0,"137":0,"140":0,"141":0,"142":0,"144":0,"145":0,"146":0,"149":0,"150":0,"151":0,"153":0,"154":0,"155":0,"156":0,"157":0,"158":0,"159":0,"162":0,"163":0,"165":0,"166":0,"167":0,"168":0,"169":0,"170":0,"171":0,"172":0,"173":0,"174":1,"177":1,"178":1,"179":1,"180":1,"181":1,"182":1,"184":0,"185":0,"186":0,"187":0,"188":0,"189":0,"190":0,"191":0,"192":0,"193":0,"194":0,"195":0,"197":0,"199":0,"200":0,"201":0,"202":0,"203":0,"204":0,"205":0,"206":0,"207":0,"208":0,"210":0,"211":0,"212":0,"215":0,"216":0,"217":0,"218":0,"220":0,"221":0,"222":0,"225":0,"226":0,"227":0,"228":0,"229":0,"230":0,"231":0,"232":0,"233":0,"234":0,"236":0,"237":0,"238":0,"241":0,"242":0,"243":0,"244":0,"245":0,"246":0,"247":0,"248":0,"249":0,"250":0,"251":0,"252":0,"253":0,"254":0,"255":0,"256":0,"257":0,"259":0,"260":0,"263":0,"266":0,"267":0,"268":0,"269":0,"270":0,"271":0,"272":0,"273":0,"274":0,"275":0,"277":0,"278":0,"279":0,"281":0,"284":0,"285":0,"286":0,"289":0,"290":0,"291":0,"293":0,"294":0,"296":0,"297":0,"298":0,"301":0,"302":0,"303":0,"304":0,"305":0,"306":0,"307":0,"308":0,"309":0,"310":0,"312":0,"313":0,"314":0,"317":0,"318":0,"319":0,"320":0,"321":0,"322":0,"323":0,"324":0,"325":0,"326":0,"327":0,"328":0,"329":0,"330":0,"331":0,"332":0,"333":0,"335":0,"336":1,"339":1,"340":1,"341":1,"342":1,"343":1,"344":1,"345":1,"346":1,"347":1,"348":0,"350":0,"352":0,"353":0,"354":0,"355":0,"356":0,"357":0,"358":0,"359":0,"361":0,"362":0,"363":0,"364":0,"367":0,"368":0,"369":0,"370":0,"371":0,"372":0,"373":0,"374":0,"375":0,"377":0,"378":0,"379":0,"380":0,"382":0,"383":0,"384":0,"385":0,"386":0,"387":0,"388":0,"389":0,"390":0,"391":0,"392":0,"393":0,"394":0,"395":0,"396":0,"397":0,"398":0,"399":0,"400":0,"401":0,"402":0,"403":0,"404":1,"407":1,"408":1,"409":1,"410":1,"411":1,"412":1,"413":1,"414":1,"415":1,"417":0,"418":0,"419":0,"421":0,"422":0,"423":0,"426":0,"427":0,"428":0,"431":0,"432":0,"433":0,"434":0,"435":0,"436":0,"437":0,"438":0,"439":0,"440":0,"441":0,"442":0,"443":0,"444":0,"445":0,"446":0,"447":0,"448":0,"449":0,"451":0,"452":0,"453":0,"455":0,"456":1,"459":1,"460":1,"461":1,"462":1,"464":0,"465":0,"466":0,"468":0,"469":0,"470":0,"472":0,"473":0,"474":0,"476":0,"477":1,"478":1},"branchMap":{"0":{"type":"branch","line":30,"loc":{"start":{"line":30,"column":33},"end":{"line":30,"column":75}},"locations":[{"start":{"line":30,"column":33},"end":{"line":30,"column":75}}]},"1":{"type":"branch","line":31,"loc":{"start":{"line":31,"column":0},"end":{"line":33,"column":1}},"locations":[{"start":{"line":31,"column":0},"end":{"line":33,"column":1}}]},"2":{"type":"branch","line":39,"loc":{"start":{"line":39,"column":11},"end":{"line":54,"column":5}},"locations":[{"start":{"line":39,"column":11},"end":{"line":54,"column":5}}]}},"b":{"0":[0],"1":[1],"2":[1]},"fnMap":{"0":{"name":"debugLog","decl":{"start":{"line":31,"column":0},"end":{"line":33,"column":1}},"loc":{"start":{"line":31,"column":0},"end":{"line":33,"column":1}},"line":31}},"f":{"0":1}},"/Users/steven/greenfield/swole-tracker/src/server/api/schemas/common.ts":{"path":"/Users/steven/greenfield/swole-tracker/src/server/api/schemas/common.ts","all":false,"statementMap":{"0":{"start":{"line":1,"column":0},"end":{"line":1,"column":24}},"4":{"start":{"line":5,"column":0},"end":{"line":5,"column":65}},"6":{"start":{"line":7,"column":0},"end":{"line":7,"column":68}},"8":{"start":{"line":9,"column":0},"end":{"line":9,"column":42}},"9":{"start":{"line":10,"column":0},"end":{"line":10,"column":58}},"10":{"start":{"line":11,"column":0},"end":{"line":11,"column":55}},"11":{"start":{"line":12,"column":0},"end":{"line":12,"column":3}},"13":{"start":{"line":14,"column":0},"end":{"line":14,"column":41}},"14":{"start":{"line":15,"column":0},"end":{"line":15,"column":24}},"15":{"start":{"line":16,"column":0},"end":{"line":16,"column":22}},"16":{"start":{"line":17,"column":0},"end":{"line":17,"column":72}},"18":{"start":{"line":19,"column":0},"end":{"line":19,"column":52}},"20":{"start":{"line":21,"column":0},"end":{"line":21,"column":36}},"21":{"start":{"line":22,"column":0},"end":{"line":22,"column":20}},"22":{"start":{"line":23,"column":0},"end":{"line":23,"column":53}},"23":{"start":{"line":24,"column":0},"end":{"line":24,"column":3}},"26":{"start":{"line":27,"column":0},"end":{"line":27,"column":58}},"28":{"start":{"line":29,"column":0},"end":{"line":29,"column":48}},"29":{"start":{"line":30,"column":0},"end":{"line":30,"column":40}},"30":{"start":{"line":31,"column":0},"end":{"line":31,"column":3}}},"s":{"0":1,"4":1,"6":1,"8":1,"9":1,"10":1,"11":1,"13":1,"14":1,"15":1,"16":1,"18":1,"20":1,"21":1,"22":1,"23":1,"26":1,"28":1,"29":1,"30":1},"branchMap":{},"b":{},"fnMap":{"0":{"name":"__vite_ssr_import_0__.z.object.refine.message","decl":{"start":{"line":17,"column":10},"end":{"line":17,"column":33}},"loc":{"start":{"line":17,"column":10},"end":{"line":17,"column":33}},"line":17}},"f":{"0":0}}}}